{"/Users/timsusa/data/development/webmidi/src/webmidi.js":{"path":"/Users/timsusa/data/development/webmidi/src/webmidi.js","statementMap":{"0":{"start":{"line":1,"column":0},"end":{"line":4158,"column":9}},"1":{"start":{"line":63,"column":4},"end":{"line":65,"column":5}},"2":{"start":{"line":64,"column":6},"end":{"line":64,"column":85}},"3":{"start":{"line":66,"column":4},"end":{"line":66,"column":40}},"4":{"start":{"line":69,"column":4},"end":{"line":69,"column":22}},"5":{"start":{"line":70,"column":4},"end":{"line":70,"column":23}},"6":{"start":{"line":74,"column":4},"end":{"line":74,"column":28}},"7":{"start":{"line":78,"column":4},"end":{"line":78,"column":32}},"8":{"start":{"line":82,"column":4},"end":{"line":82,"column":40}},"9":{"start":{"line":85,"column":4},"end":{"line":85,"column":62}},"10":{"start":{"line":88,"column":4},"end":{"line":88,"column":84}},"11":{"start":{"line":89,"column":4},"end":{"line":89,"column":67}},"12":{"start":{"line":92,"column":4},"end":{"line":320,"column":7}},"13":{"start":{"line":323,"column":4},"end":{"line":417,"column":7}},"14":{"start":{"line":340,"column":10},"end":{"line":340,"column":50}},"15":{"start":{"line":355,"column":10},"end":{"line":355,"column":46}},"16":{"start":{"line":369,"column":10},"end":{"line":369,"column":30}},"17":{"start":{"line":383,"column":10},"end":{"line":383,"column":31}},"18":{"start":{"line":398,"column":10},"end":{"line":398,"column":67}},"19":{"start":{"line":413,"column":10},"end":{"line":413,"column":35}},"20":{"start":{"line":423,"column":11},"end":{"line":423,"column":24}},"21":{"start":{"line":445,"column":2},"end":{"line":553,"column":4}},"22":{"start":{"line":460,"column":4},"end":{"line":460,"column":29}},"23":{"start":{"line":460,"column":22},"end":{"line":460,"column":29}},"24":{"start":{"line":462,"column":4},"end":{"line":470,"column":5}},"25":{"start":{"line":464,"column":6},"end":{"line":466,"column":7}},"26":{"start":{"line":465,"column":8},"end":{"line":465,"column":84}},"27":{"start":{"line":468,"column":6},"end":{"line":468,"column":13}},"28":{"start":{"line":472,"column":4},"end":{"line":551,"column":6}},"29":{"start":{"line":476,"column":21},"end":{"line":476,"column":23}},"30":{"start":{"line":477,"column":21},"end":{"line":477,"column":23}},"31":{"start":{"line":480,"column":8},"end":{"line":480,"column":36}},"32":{"start":{"line":481,"column":8},"end":{"line":481,"column":43}},"33":{"start":{"line":486,"column":8},"end":{"line":488,"column":10}},"34":{"start":{"line":487,"column":10},"end":{"line":487,"column":25}},"35":{"start":{"line":497,"column":21},"end":{"line":497,"column":47}},"36":{"start":{"line":498,"column":8},"end":{"line":500,"column":9}},"37":{"start":{"line":498,"column":25},"end":{"line":498,"column":38}},"38":{"start":{"line":499,"column":10},"end":{"line":499,"column":44}},"39":{"start":{"line":502,"column":22},"end":{"line":502,"column":49}},"40":{"start":{"line":503,"column":8},"end":{"line":505,"column":9}},"41":{"start":{"line":503,"column":26},"end":{"line":503,"column":40}},"42":{"start":{"line":504,"column":10},"end":{"line":504,"column":45}},"43":{"start":{"line":512,"column":10},"end":{"line":512,"column":39}},"44":{"start":{"line":514,"column":10},"end":{"line":514,"column":41}},"45":{"start":{"line":515,"column":10},"end":{"line":515,"column":81}},"46":{"start":{"line":518,"column":10},"end":{"line":518,"column":70}},"47":{"start":{"line":518,"column":48},"end":{"line":518,"column":68}},"48":{"start":{"line":520,"column":10},"end":{"line":522,"column":24}},"49":{"start":{"line":521,"column":12},"end":{"line":521,"column":48}},"50":{"start":{"line":526,"column":8},"end":{"line":526,"column":65}},"51":{"start":{"line":528,"column":8},"end":{"line":533,"column":9}},"52":{"start":{"line":529,"column":10},"end":{"line":532,"column":41}},"53":{"start":{"line":531,"column":35},"end":{"line":531,"column":53}},"54":{"start":{"line":548,"column":8},"end":{"line":548,"column":73}},"55":{"start":{"line":548,"column":46},"end":{"line":548,"column":71}},"56":{"start":{"line":565,"column":2},"end":{"line":577,"column":4}},"57":{"start":{"line":567,"column":4},"end":{"line":569,"column":5}},"58":{"start":{"line":568,"column":6},"end":{"line":568,"column":76}},"59":{"start":{"line":571,"column":4},"end":{"line":571,"column":65}},"60":{"start":{"line":571,"column":24},"end":{"line":571,"column":65}},"61":{"start":{"line":572,"column":4},"end":{"line":572,"column":31}},"62":{"start":{"line":573,"column":4},"end":{"line":573,"column":22}},"63":{"start":{"line":574,"column":4},"end":{"line":574,"column":23}},"64":{"start":{"line":575,"column":4},"end":{"line":575,"column":39}},"65":{"start":{"line":605,"column":2},"end":{"line":623,"column":4}},"66":{"start":{"line":607,"column":4},"end":{"line":609,"column":5}},"67":{"start":{"line":608,"column":6},"end":{"line":608,"column":80}},"68":{"start":{"line":611,"column":4},"end":{"line":613,"column":5}},"69":{"start":{"line":612,"column":6},"end":{"line":612,"column":74}},"70":{"start":{"line":615,"column":4},"end":{"line":619,"column":5}},"71":{"start":{"line":616,"column":6},"end":{"line":616,"column":46}},"72":{"start":{"line":618,"column":6},"end":{"line":618,"column":72}},"73":{"start":{"line":621,"column":4},"end":{"line":621,"column":16}},"74":{"start":{"line":642,"column":2},"end":{"line":666,"column":4}},"75":{"start":{"line":644,"column":4},"end":{"line":646,"column":5}},"76":{"start":{"line":645,"column":6},"end":{"line":645,"column":82}},"77":{"start":{"line":648,"column":4},"end":{"line":650,"column":5}},"78":{"start":{"line":649,"column":6},"end":{"line":649,"column":74}},"79":{"start":{"line":652,"column":4},"end":{"line":662,"column":5}},"80":{"start":{"line":654,"column":6},"end":{"line":658,"column":7}},"81":{"start":{"line":654,"column":19},"end":{"line":654,"column":20}},"82":{"start":{"line":655,"column":8},"end":{"line":657,"column":9}},"83":{"start":{"line":656,"column":10},"end":{"line":656,"column":22}},"84":{"start":{"line":661,"column":6},"end":{"line":661,"column":72}},"85":{"start":{"line":664,"column":4},"end":{"line":664,"column":17}},"86":{"start":{"line":686,"column":2},"end":{"line":720,"column":4}},"87":{"start":{"line":688,"column":4},"end":{"line":690,"column":5}},"88":{"start":{"line":689,"column":6},"end":{"line":689,"column":82}},"89":{"start":{"line":692,"column":4},"end":{"line":694,"column":5}},"90":{"start":{"line":693,"column":6},"end":{"line":693,"column":74}},"91":{"start":{"line":696,"column":4},"end":{"line":716,"column":5}},"92":{"start":{"line":698,"column":6},"end":{"line":708,"column":7}},"93":{"start":{"line":700,"column":8},"end":{"line":704,"column":9}},"94":{"start":{"line":700,"column":21},"end":{"line":700,"column":22}},"95":{"start":{"line":701,"column":10},"end":{"line":703,"column":11}},"96":{"start":{"line":702,"column":12},"end":{"line":702,"column":50}},"97":{"start":{"line":707,"column":8},"end":{"line":707,"column":38}},"98":{"start":{"line":710,"column":11},"end":{"line":716,"column":5}},"99":{"start":{"line":712,"column":6},"end":{"line":712,"column":41}},"100":{"start":{"line":715,"column":6},"end":{"line":715,"column":72}},"101":{"start":{"line":718,"column":4},"end":{"line":718,"column":16}},"102":{"start":{"line":743,"column":2},"end":{"line":771,"column":4}},"103":{"start":{"line":747,"column":4},"end":{"line":756,"column":5}},"104":{"start":{"line":748,"column":6},"end":{"line":748,"column":25}},"105":{"start":{"line":749,"column":11},"end":{"line":756,"column":5}},"106":{"start":{"line":750,"column":6},"end":{"line":750,"column":20}},"107":{"start":{"line":751,"column":6},"end":{"line":751,"column":22}},"108":{"start":{"line":752,"column":11},"end":{"line":756,"column":5}},"109":{"start":{"line":753,"column":6},"end":{"line":753,"column":27}},"110":{"start":{"line":755,"column":6},"end":{"line":755,"column":25}},"111":{"start":{"line":759,"column":4},"end":{"line":761,"column":5}},"112":{"start":{"line":760,"column":6},"end":{"line":760,"column":73}},"113":{"start":{"line":763,"column":4},"end":{"line":769,"column":9}},"114":{"start":{"line":765,"column":8},"end":{"line":765,"column":28}},"115":{"start":{"line":768,"column":8},"end":{"line":768,"column":36}},"116":{"start":{"line":794,"column":2},"end":{"line":806,"column":4}},"117":{"start":{"line":796,"column":4},"end":{"line":796,"column":66}},"118":{"start":{"line":796,"column":23},"end":{"line":796,"column":66}},"119":{"start":{"line":798,"column":4},"end":{"line":798,"column":20}},"120":{"start":{"line":800,"column":4},"end":{"line":802,"column":5}},"121":{"start":{"line":800,"column":17},"end":{"line":800,"column":18}},"122":{"start":{"line":801,"column":6},"end":{"line":801,"column":58}},"123":{"start":{"line":801,"column":36},"end":{"line":801,"column":58}},"124":{"start":{"line":804,"column":4},"end":{"line":804,"column":17}},"125":{"start":{"line":828,"column":2},"end":{"line":840,"column":4}},"126":{"start":{"line":830,"column":4},"end":{"line":830,"column":66}},"127":{"start":{"line":830,"column":23},"end":{"line":830,"column":66}},"128":{"start":{"line":832,"column":4},"end":{"line":832,"column":20}},"129":{"start":{"line":834,"column":4},"end":{"line":836,"column":5}},"130":{"start":{"line":834,"column":17},"end":{"line":834,"column":18}},"131":{"start":{"line":835,"column":6},"end":{"line":835,"column":60}},"132":{"start":{"line":835,"column":37},"end":{"line":835,"column":60}},"133":{"start":{"line":838,"column":4},"end":{"line":838,"column":17}},"134":{"start":{"line":862,"column":2},"end":{"line":874,"column":4}},"135":{"start":{"line":864,"column":4},"end":{"line":866,"column":5}},"136":{"start":{"line":865,"column":6},"end":{"line":865,"column":49}},"137":{"start":{"line":868,"column":4},"end":{"line":870,"column":5}},"138":{"start":{"line":868,"column":17},"end":{"line":868,"column":18}},"139":{"start":{"line":869,"column":6},"end":{"line":869,"column":72}},"140":{"start":{"line":869,"column":48},"end":{"line":869,"column":70}},"141":{"start":{"line":872,"column":4},"end":{"line":872,"column":17}},"142":{"start":{"line":891,"column":2},"end":{"line":897,"column":4}},"143":{"start":{"line":893,"column":4},"end":{"line":895,"column":5}},"144":{"start":{"line":894,"column":6},"end":{"line":894,"column":83}},"145":{"start":{"line":918,"column":2},"end":{"line":930,"column":4}},"146":{"start":{"line":920,"column":4},"end":{"line":922,"column":5}},"147":{"start":{"line":921,"column":6},"end":{"line":921,"column":49}},"148":{"start":{"line":924,"column":4},"end":{"line":926,"column":5}},"149":{"start":{"line":924,"column":17},"end":{"line":924,"column":18}},"150":{"start":{"line":925,"column":6},"end":{"line":925,"column":74}},"151":{"start":{"line":925,"column":49},"end":{"line":925,"column":72}},"152":{"start":{"line":928,"column":4},"end":{"line":928,"column":17}},"153":{"start":{"line":945,"column":2},"end":{"line":960,"column":4}},"154":{"start":{"line":947,"column":17},"end":{"line":947,"column":22}},"155":{"start":{"line":949,"column":4},"end":{"line":955,"column":5}},"156":{"start":{"line":950,"column":6},"end":{"line":950,"column":33}},"157":{"start":{"line":951,"column":11},"end":{"line":955,"column":5}},"158":{"start":{"line":952,"column":6},"end":{"line":952,"column":31}},"159":{"start":{"line":953,"column":11},"end":{"line":955,"column":5}},"160":{"start":{"line":954,"column":6},"end":{"line":954,"column":44}},"161":{"start":{"line":957,"column":4},"end":{"line":957,"column":82}},"162":{"start":{"line":957,"column":26},"end":{"line":957,"column":82}},"163":{"start":{"line":958,"column":4},"end":{"line":958,"column":18}},"164":{"start":{"line":985,"column":2},"end":{"line":1009,"column":4}},"165":{"start":{"line":987,"column":4},"end":{"line":987,"column":44}},"166":{"start":{"line":987,"column":34},"end":{"line":987,"column":44}},"167":{"start":{"line":989,"column":18},"end":{"line":989,"column":66}},"168":{"start":{"line":990,"column":4},"end":{"line":990,"column":60}},"169":{"start":{"line":990,"column":17},"end":{"line":990,"column":60}},"170":{"start":{"line":992,"column":20},"end":{"line":992,"column":59}},"171":{"start":{"line":993,"column":17},"end":{"line":993,"column":37}},"172":{"start":{"line":994,"column":17},"end":{"line":994,"column":78}},"173":{"start":{"line":997,"column":4},"end":{"line":1001,"column":5}},"174":{"start":{"line":998,"column":6},"end":{"line":998,"column":34}},"175":{"start":{"line":999,"column":11},"end":{"line":1001,"column":5}},"176":{"start":{"line":1000,"column":6},"end":{"line":1000,"column":34}},"177":{"start":{"line":1003,"column":4},"end":{"line":1005,"column":5}},"178":{"start":{"line":1004,"column":6},"end":{"line":1004,"column":77}},"179":{"start":{"line":1007,"column":4},"end":{"line":1007,"column":18}},"180":{"start":{"line":1016,"column":2},"end":{"line":1019,"column":4}},"181":{"start":{"line":1017,"column":4},"end":{"line":1017,"column":25}},"182":{"start":{"line":1018,"column":4},"end":{"line":1018,"column":26}},"183":{"start":{"line":1026,"column":2},"end":{"line":1067,"column":4}},"184":{"start":{"line":1030,"column":4},"end":{"line":1046,"column":5}},"185":{"start":{"line":1030,"column":17},"end":{"line":1030,"column":18}},"186":{"start":{"line":1032,"column":19},"end":{"line":1032,"column":23}},"187":{"start":{"line":1034,"column":20},"end":{"line":1034,"column":50}},"188":{"start":{"line":1035,"column":6},"end":{"line":1040,"column":7}},"189":{"start":{"line":1035,"column":23},"end":{"line":1035,"column":37}},"190":{"start":{"line":1036,"column":8},"end":{"line":1039,"column":9}},"191":{"start":{"line":1037,"column":10},"end":{"line":1037,"column":25}},"192":{"start":{"line":1038,"column":10},"end":{"line":1038,"column":16}},"193":{"start":{"line":1042,"column":6},"end":{"line":1044,"column":7}},"194":{"start":{"line":1043,"column":8},"end":{"line":1043,"column":34}},"195":{"start":{"line":1051,"column":4},"end":{"line":1065,"column":18}},"196":{"start":{"line":1053,"column":16},"end":{"line":1053,"column":20}},"197":{"start":{"line":1055,"column":6},"end":{"line":1059,"column":7}},"198":{"start":{"line":1055,"column":19},"end":{"line":1055,"column":20}},"199":{"start":{"line":1056,"column":8},"end":{"line":1058,"column":9}},"200":{"start":{"line":1057,"column":10},"end":{"line":1057,"column":22}},"201":{"start":{"line":1061,"column":6},"end":{"line":1063,"column":7}},"202":{"start":{"line":1062,"column":8},"end":{"line":1062,"column":47}},"203":{"start":{"line":1074,"column":2},"end":{"line":1115,"column":4}},"204":{"start":{"line":1078,"column":4},"end":{"line":1094,"column":5}},"205":{"start":{"line":1078,"column":17},"end":{"line":1078,"column":18}},"206":{"start":{"line":1080,"column":19},"end":{"line":1080,"column":23}},"207":{"start":{"line":1082,"column":20},"end":{"line":1082,"column":51}},"208":{"start":{"line":1083,"column":6},"end":{"line":1088,"column":7}},"209":{"start":{"line":1083,"column":24},"end":{"line":1083,"column":38}},"210":{"start":{"line":1084,"column":8},"end":{"line":1087,"column":9}},"211":{"start":{"line":1085,"column":10},"end":{"line":1085,"column":25}},"212":{"start":{"line":1086,"column":10},"end":{"line":1086,"column":16}},"213":{"start":{"line":1090,"column":6},"end":{"line":1092,"column":7}},"214":{"start":{"line":1091,"column":8},"end":{"line":1091,"column":35}},"215":{"start":{"line":1099,"column":4},"end":{"line":1113,"column":18}},"216":{"start":{"line":1101,"column":16},"end":{"line":1101,"column":20}},"217":{"start":{"line":1103,"column":6},"end":{"line":1107,"column":7}},"218":{"start":{"line":1103,"column":19},"end":{"line":1103,"column":20}},"219":{"start":{"line":1104,"column":8},"end":{"line":1106,"column":9}},"220":{"start":{"line":1105,"column":10},"end":{"line":1105,"column":22}},"221":{"start":{"line":1109,"column":6},"end":{"line":1111,"column":7}},"222":{"start":{"line":1110,"column":8},"end":{"line":1110,"column":50}},"223":{"start":{"line":1122,"column":2},"end":{"line":1182,"column":4}},"224":{"start":{"line":1124,"column":4},"end":{"line":1124,"column":35}},"225":{"start":{"line":1152,"column":16},"end":{"line":1155,"column":5}},"226":{"start":{"line":1157,"column":4},"end":{"line":1176,"column":5}},"227":{"start":{"line":1159,"column":6},"end":{"line":1163,"column":7}},"228":{"start":{"line":1160,"column":8},"end":{"line":1160,"column":51}},"229":{"start":{"line":1161,"column":13},"end":{"line":1163,"column":7}},"230":{"start":{"line":1162,"column":8},"end":{"line":1162,"column":50}},"231":{"start":{"line":1167,"column":6},"end":{"line":1174,"column":7}},"232":{"start":{"line":1178,"column":4},"end":{"line":1180,"column":7}},"233":{"start":{"line":1179,"column":6},"end":{"line":1179,"column":21}},"234":{"start":{"line":1189,"column":2},"end":{"line":1195,"column":4}},"235":{"start":{"line":1191,"column":4},"end":{"line":1193,"column":5}},"236":{"start":{"line":1191,"column":17},"end":{"line":1191,"column":18}},"237":{"start":{"line":1192,"column":6},"end":{"line":1192,"column":60}},"238":{"start":{"line":1208,"column":15},"end":{"line":1208,"column":19}},"239":{"start":{"line":1211,"column":4},"end":{"line":1211,"column":53}},"240":{"start":{"line":1214,"column":4},"end":{"line":1214,"column":32}},"241":{"start":{"line":1216,"column":4},"end":{"line":1298,"column":7}},"242":{"start":{"line":1227,"column":10},"end":{"line":1227,"column":44}},"243":{"start":{"line":1242,"column":10},"end":{"line":1242,"column":36}},"244":{"start":{"line":1255,"column":10},"end":{"line":1255,"column":46}},"245":{"start":{"line":1268,"column":10},"end":{"line":1268,"column":38}},"246":{"start":{"line":1281,"column":10},"end":{"line":1281,"column":39}},"247":{"start":{"line":1294,"column":10},"end":{"line":1294,"column":38}},"248":{"start":{"line":1300,"column":4},"end":{"line":1300,"column":35}},"249":{"start":{"line":1301,"column":4},"end":{"line":1301,"column":67}},"250":{"start":{"line":1363,"column":2},"end":{"line":1415,"column":4}},"251":{"start":{"line":1365,"column":15},"end":{"line":1365,"column":19}},"252":{"start":{"line":1367,"column":4},"end":{"line":1367,"column":51}},"253":{"start":{"line":1367,"column":33},"end":{"line":1367,"column":49}},"254":{"start":{"line":1368,"column":4},"end":{"line":1368,"column":57}},"255":{"start":{"line":1368,"column":35},"end":{"line":1368,"column":55}},"256":{"start":{"line":1371,"column":4},"end":{"line":1377,"column":7}},"257":{"start":{"line":1372,"column":6},"end":{"line":1376,"column":7}},"258":{"start":{"line":1373,"column":8},"end":{"line":1375,"column":10}},"259":{"start":{"line":1379,"column":4},"end":{"line":1381,"column":5}},"260":{"start":{"line":1380,"column":6},"end":{"line":1380,"column":74}},"261":{"start":{"line":1383,"column":4},"end":{"line":1411,"column":5}},"262":{"start":{"line":1385,"column":6},"end":{"line":1385,"column":81}},"263":{"start":{"line":1385,"column":44},"end":{"line":1385,"column":81}},"264":{"start":{"line":1386,"column":6},"end":{"line":1386,"column":53}},"265":{"start":{"line":1388,"column":11},"end":{"line":1411,"column":5}},"266":{"start":{"line":1391,"column":6},"end":{"line":1394,"column":7}},"267":{"start":{"line":1392,"column":8},"end":{"line":1392,"column":21}},"268":{"start":{"line":1393,"column":8},"end":{"line":1393,"column":58}},"269":{"start":{"line":1393,"column":21},"end":{"line":1393,"column":22}},"270":{"start":{"line":1393,"column":40},"end":{"line":1393,"column":56}},"271":{"start":{"line":1396,"column":6},"end":{"line":1396,"column":87}},"272":{"start":{"line":1396,"column":47},"end":{"line":1396,"column":85}},"273":{"start":{"line":1399,"column":6},"end":{"line":1407,"column":9}},"274":{"start":{"line":1401,"column":8},"end":{"line":1403,"column":9}},"275":{"start":{"line":1402,"column":10},"end":{"line":1402,"column":52}},"276":{"start":{"line":1405,"column":8},"end":{"line":1405,"column":60}},"277":{"start":{"line":1410,"column":6},"end":{"line":1410,"column":72}},"278":{"start":{"line":1413,"column":4},"end":{"line":1413,"column":16}},"279":{"start":{"line":1424,"column":2},"end":{"line":1424,"column":51}},"280":{"start":{"line":1446,"column":2},"end":{"line":1483,"column":4}},"281":{"start":{"line":1448,"column":15},"end":{"line":1448,"column":19}},"282":{"start":{"line":1450,"column":4},"end":{"line":1452,"column":5}},"283":{"start":{"line":1451,"column":6},"end":{"line":1451,"column":74}},"284":{"start":{"line":1454,"column":4},"end":{"line":1454,"column":51}},"285":{"start":{"line":1454,"column":33},"end":{"line":1454,"column":49}},"286":{"start":{"line":1455,"column":4},"end":{"line":1455,"column":63}},"287":{"start":{"line":1455,"column":41},"end":{"line":1455,"column":61}},"288":{"start":{"line":1457,"column":4},"end":{"line":1479,"column":5}},"289":{"start":{"line":1459,"column":6},"end":{"line":1461,"column":7}},"290":{"start":{"line":1459,"column":19},"end":{"line":1459,"column":20}},"291":{"start":{"line":1460,"column":8},"end":{"line":1460,"column":77}},"292":{"start":{"line":1460,"column":63},"end":{"line":1460,"column":75}},"293":{"start":{"line":1463,"column":11},"end":{"line":1479,"column":5}},"294":{"start":{"line":1466,"column":6},"end":{"line":1469,"column":7}},"295":{"start":{"line":1467,"column":8},"end":{"line":1467,"column":21}},"296":{"start":{"line":1468,"column":8},"end":{"line":1468,"column":58}},"297":{"start":{"line":1468,"column":21},"end":{"line":1468,"column":22}},"298":{"start":{"line":1468,"column":40},"end":{"line":1468,"column":56}},"299":{"start":{"line":1471,"column":6},"end":{"line":1471,"column":62}},"300":{"start":{"line":1471,"column":47},"end":{"line":1471,"column":60}},"301":{"start":{"line":1474,"column":6},"end":{"line":1477,"column":9}},"302":{"start":{"line":1475,"column":24},"end":{"line":1475,"column":63}},"303":{"start":{"line":1476,"column":8},"end":{"line":1476,"column":61}},"304":{"start":{"line":1481,"column":4},"end":{"line":1481,"column":17}},"305":{"start":{"line":1508,"column":2},"end":{"line":1568,"column":4}},"306":{"start":{"line":1510,"column":15},"end":{"line":1510,"column":19}},"307":{"start":{"line":1512,"column":4},"end":{"line":1514,"column":5}},"308":{"start":{"line":1513,"column":6},"end":{"line":1513,"column":74}},"309":{"start":{"line":1516,"column":4},"end":{"line":1516,"column":51}},"310":{"start":{"line":1516,"column":33},"end":{"line":1516,"column":49}},"311":{"start":{"line":1517,"column":4},"end":{"line":1517,"column":63}},"312":{"start":{"line":1517,"column":41},"end":{"line":1517,"column":61}},"313":{"start":{"line":1519,"column":4},"end":{"line":1564,"column":5}},"314":{"start":{"line":1521,"column":6},"end":{"line":1533,"column":7}},"315":{"start":{"line":1523,"column":8},"end":{"line":1523,"column":45}},"316":{"start":{"line":1527,"column":8},"end":{"line":1531,"column":9}},"317":{"start":{"line":1527,"column":21},"end":{"line":1527,"column":22}},"318":{"start":{"line":1528,"column":10},"end":{"line":1530,"column":11}},"319":{"start":{"line":1529,"column":12},"end":{"line":1529,"column":57}},"320":{"start":{"line":1535,"column":11},"end":{"line":1564,"column":5}},"321":{"start":{"line":1538,"column":6},"end":{"line":1541,"column":7}},"322":{"start":{"line":1539,"column":8},"end":{"line":1539,"column":21}},"323":{"start":{"line":1540,"column":8},"end":{"line":1540,"column":58}},"324":{"start":{"line":1540,"column":21},"end":{"line":1540,"column":22}},"325":{"start":{"line":1540,"column":40},"end":{"line":1540,"column":56}},"326":{"start":{"line":1543,"column":6},"end":{"line":1543,"column":61}},"327":{"start":{"line":1543,"column":47},"end":{"line":1543,"column":59}},"328":{"start":{"line":1546,"column":6},"end":{"line":1558,"column":9}},"329":{"start":{"line":1547,"column":24},"end":{"line":1547,"column":63}},"330":{"start":{"line":1548,"column":8},"end":{"line":1548,"column":35}},"331":{"start":{"line":1548,"column":26},"end":{"line":1548,"column":33}},"332":{"start":{"line":1550,"column":8},"end":{"line":1556,"column":9}},"333":{"start":{"line":1551,"column":10},"end":{"line":1551,"column":55}},"334":{"start":{"line":1553,"column":10},"end":{"line":1555,"column":11}},"335":{"start":{"line":1553,"column":23},"end":{"line":1553,"column":24}},"336":{"start":{"line":1554,"column":12},"end":{"line":1554,"column":70}},"337":{"start":{"line":1554,"column":45},"end":{"line":1554,"column":68}},"338":{"start":{"line":1560,"column":11},"end":{"line":1564,"column":5}},"339":{"start":{"line":1561,"column":6},"end":{"line":1561,"column":37}},"340":{"start":{"line":1563,"column":6},"end":{"line":1563,"column":72}},"341":{"start":{"line":1566,"column":4},"end":{"line":1566,"column":16}},"342":{"start":{"line":1574,"column":2},"end":{"line":1588,"column":4}},"343":{"start":{"line":1576,"column":4},"end":{"line":1580,"column":5}},"344":{"start":{"line":1577,"column":6},"end":{"line":1579,"column":7}},"345":{"start":{"line":1578,"column":8},"end":{"line":1578,"column":47}},"346":{"start":{"line":1582,"column":4},"end":{"line":1586,"column":5}},"347":{"start":{"line":1583,"column":6},"end":{"line":1585,"column":7}},"348":{"start":{"line":1584,"column":8},"end":{"line":1584,"column":46}},"349":{"start":{"line":1594,"column":2},"end":{"line":1632,"column":4}},"350":{"start":{"line":1597,"column":4},"end":{"line":1624,"column":5}},"351":{"start":{"line":1599,"column":18},"end":{"line":1604,"column":7}},"352":{"start":{"line":1620,"column":6},"end":{"line":1622,"column":8}},"353":{"start":{"line":1621,"column":29},"end":{"line":1621,"column":45}},"354":{"start":{"line":1626,"column":4},"end":{"line":1630,"column":5}},"355":{"start":{"line":1627,"column":6},"end":{"line":1627,"column":33}},"356":{"start":{"line":1628,"column":11},"end":{"line":1630,"column":5}},"357":{"start":{"line":1629,"column":6},"end":{"line":1629,"column":32}},"358":{"start":{"line":1639,"column":2},"end":{"line":1880,"column":4}},"359":{"start":{"line":1641,"column":18},"end":{"line":1641,"column":32}},"360":{"start":{"line":1642,"column":18},"end":{"line":1642,"column":39}},"361":{"start":{"line":1645,"column":4},"end":{"line":1648,"column":5}},"362":{"start":{"line":1646,"column":6},"end":{"line":1646,"column":24}},"363":{"start":{"line":1647,"column":6},"end":{"line":1647,"column":56}},"364":{"start":{"line":1651,"column":16},"end":{"line":1656,"column":5}},"365":{"start":{"line":1658,"column":4},"end":{"line":1867,"column":5}},"366":{"start":{"line":1683,"column":6},"end":{"line":1683,"column":29}},"367":{"start":{"line":1684,"column":6},"end":{"line":1688,"column":8}},"368":{"start":{"line":1689,"column":6},"end":{"line":1689,"column":35}},"369":{"start":{"line":1690,"column":6},"end":{"line":1690,"column":32}},"370":{"start":{"line":1692,"column":11},"end":{"line":1867,"column":5}},"371":{"start":{"line":1714,"column":6},"end":{"line":1714,"column":28}},"372":{"start":{"line":1715,"column":6},"end":{"line":1719,"column":8}},"373":{"start":{"line":1720,"column":6},"end":{"line":1720,"column":35}},"374":{"start":{"line":1721,"column":6},"end":{"line":1721,"column":32}},"375":{"start":{"line":1723,"column":11},"end":{"line":1867,"column":5}},"376":{"start":{"line":1743,"column":6},"end":{"line":1743,"column":35}},"377":{"start":{"line":1744,"column":6},"end":{"line":1748,"column":8}},"378":{"start":{"line":1749,"column":6},"end":{"line":1749,"column":32}},"379":{"start":{"line":1751,"column":11},"end":{"line":1867,"column":5}},"380":{"start":{"line":1773,"column":6},"end":{"line":1773,"column":35}},"381":{"start":{"line":1774,"column":6},"end":{"line":1777,"column":8}},"382":{"start":{"line":1778,"column":6},"end":{"line":1778,"column":26}},"383":{"start":{"line":1780,"column":11},"end":{"line":1867,"column":5}},"384":{"start":{"line":1802,"column":6},"end":{"line":1802,"column":33}},"385":{"start":{"line":1803,"column":6},"end":{"line":1806,"column":8}},"386":{"start":{"line":1807,"column":6},"end":{"line":1807,"column":26}},"387":{"start":{"line":1809,"column":11},"end":{"line":1867,"column":5}},"388":{"start":{"line":1825,"column":6},"end":{"line":1825,"column":35}},"389":{"start":{"line":1826,"column":6},"end":{"line":1826,"column":26}},"390":{"start":{"line":1828,"column":11},"end":{"line":1867,"column":5}},"391":{"start":{"line":1844,"column":6},"end":{"line":1844,"column":39}},"392":{"start":{"line":1845,"column":6},"end":{"line":1845,"column":32}},"393":{"start":{"line":1847,"column":11},"end":{"line":1867,"column":5}},"394":{"start":{"line":1863,"column":6},"end":{"line":1863,"column":31}},"395":{"start":{"line":1864,"column":6},"end":{"line":1864,"column":57}},"396":{"start":{"line":1866,"column":6},"end":{"line":1866,"column":43}},"397":{"start":{"line":1870,"column":4},"end":{"line":1878,"column":5}},"398":{"start":{"line":1875,"column":6},"end":{"line":1877,"column":8}},"399":{"start":{"line":1876,"column":29},"end":{"line":1876,"column":45}},"400":{"start":{"line":1895,"column":2},"end":{"line":1916,"column":4}},"401":{"start":{"line":1897,"column":4},"end":{"line":1897,"column":32}},"402":{"start":{"line":1899,"column":4},"end":{"line":1901,"column":5}},"403":{"start":{"line":1900,"column":6},"end":{"line":1900,"column":83}},"404":{"start":{"line":1903,"column":4},"end":{"line":1912,"column":5}},"405":{"start":{"line":1905,"column":6},"end":{"line":1910,"column":7}},"406":{"start":{"line":1909,"column":8},"end":{"line":1909,"column":18}},"407":{"start":{"line":1914,"column":4},"end":{"line":1914,"column":21}},"408":{"start":{"line":1931,"column":2},"end":{"line":1950,"column":4}},"409":{"start":{"line":1933,"column":4},"end":{"line":1933,"column":32}},"410":{"start":{"line":1935,"column":4},"end":{"line":1937,"column":5}},"411":{"start":{"line":1936,"column":6},"end":{"line":1936,"column":85}},"412":{"start":{"line":1939,"column":4},"end":{"line":1948,"column":5}},"413":{"start":{"line":1941,"column":6},"end":{"line":1946,"column":7}},"414":{"start":{"line":1945,"column":8},"end":{"line":1945,"column":18}},"415":{"start":{"line":1956,"column":2},"end":{"line":2181,"column":4}},"416":{"start":{"line":1958,"column":18},"end":{"line":1958,"column":27}},"417":{"start":{"line":1961,"column":16},"end":{"line":1965,"column":5}},"418":{"start":{"line":1967,"column":4},"end":{"line":2172,"column":5}},"419":{"start":{"line":1997,"column":6},"end":{"line":1997,"column":27}},"420":{"start":{"line":1999,"column":11},"end":{"line":2172,"column":5}},"421":{"start":{"line":2012,"column":6},"end":{"line":2012,"column":30}},"422":{"start":{"line":2014,"column":11},"end":{"line":2172,"column":5}},"423":{"start":{"line":2027,"column":6},"end":{"line":2027,"column":34}},"424":{"start":{"line":2029,"column":11},"end":{"line":2172,"column":5}},"425":{"start":{"line":2043,"column":6},"end":{"line":2043,"column":32}},"426":{"start":{"line":2044,"column":6},"end":{"line":2044,"column":29}},"427":{"start":{"line":2046,"column":11},"end":{"line":2172,"column":5}},"428":{"start":{"line":2060,"column":6},"end":{"line":2060,"column":35}},"429":{"start":{"line":2062,"column":11},"end":{"line":2172,"column":5}},"430":{"start":{"line":2076,"column":6},"end":{"line":2076,"column":27}},"431":{"start":{"line":2078,"column":11},"end":{"line":2172,"column":5}},"432":{"start":{"line":2092,"column":6},"end":{"line":2092,"column":27}},"433":{"start":{"line":2094,"column":11},"end":{"line":2172,"column":5}},"434":{"start":{"line":2108,"column":6},"end":{"line":2108,"column":30}},"435":{"start":{"line":2110,"column":11},"end":{"line":2172,"column":5}},"436":{"start":{"line":2124,"column":6},"end":{"line":2124,"column":26}},"437":{"start":{"line":2126,"column":11},"end":{"line":2172,"column":5}},"438":{"start":{"line":2139,"column":6},"end":{"line":2139,"column":35}},"439":{"start":{"line":2141,"column":11},"end":{"line":2172,"column":5}},"440":{"start":{"line":2154,"column":6},"end":{"line":2154,"column":27}},"441":{"start":{"line":2170,"column":6},"end":{"line":2170,"column":42}},"442":{"start":{"line":2175,"column":4},"end":{"line":2179,"column":5}},"443":{"start":{"line":2176,"column":6},"end":{"line":2178,"column":8}},"444":{"start":{"line":2177,"column":29},"end":{"line":2177,"column":45}},"445":{"start":{"line":2194,"column":15},"end":{"line":2194,"column":19}},"446":{"start":{"line":2196,"column":4},"end":{"line":2196,"column":34}},"447":{"start":{"line":2198,"column":4},"end":{"line":2278,"column":7}},"448":{"start":{"line":2209,"column":10},"end":{"line":2209,"column":45}},"449":{"start":{"line":2222,"column":10},"end":{"line":2222,"column":37}},"450":{"start":{"line":2235,"column":10},"end":{"line":2235,"column":47}},"451":{"start":{"line":2248,"column":10},"end":{"line":2248,"column":39}},"452":{"start":{"line":2261,"column":10},"end":{"line":2261,"column":40}},"453":{"start":{"line":2274,"column":10},"end":{"line":2274,"column":39}},"454":{"start":{"line":2311,"column":2},"end":{"line":2338,"column":4}},"455":{"start":{"line":2313,"column":4},"end":{"line":2315,"column":5}},"456":{"start":{"line":2314,"column":6},"end":{"line":2314,"column":100}},"457":{"start":{"line":2317,"column":4},"end":{"line":2317,"column":38}},"458":{"start":{"line":2317,"column":28},"end":{"line":2317,"column":38}},"459":{"start":{"line":2318,"column":4},"end":{"line":2318,"column":46}},"460":{"start":{"line":2318,"column":32},"end":{"line":2318,"column":46}},"461":{"start":{"line":2320,"column":18},"end":{"line":2320,"column":20}},"462":{"start":{"line":2322,"column":4},"end":{"line":2332,"column":7}},"463":{"start":{"line":2324,"column":19},"end":{"line":2324,"column":35}},"464":{"start":{"line":2326,"column":6},"end":{"line":2330,"column":7}},"465":{"start":{"line":2327,"column":8},"end":{"line":2327,"column":29}},"466":{"start":{"line":2329,"column":8},"end":{"line":2329,"column":93}},"467":{"start":{"line":2334,"column":4},"end":{"line":2334,"column":80}},"468":{"start":{"line":2336,"column":4},"end":{"line":2336,"column":16}},"469":{"start":{"line":2401,"column":2},"end":{"line":2424,"column":4}},"470":{"start":{"line":2403,"column":4},"end":{"line":2405,"column":5}},"471":{"start":{"line":2404,"column":6},"end":{"line":2404,"column":72}},"472":{"start":{"line":2407,"column":4},"end":{"line":2407,"column":28}},"473":{"start":{"line":2409,"column":4},"end":{"line":2409,"column":43}},"474":{"start":{"line":2411,"column":4},"end":{"line":2417,"column":7}},"475":{"start":{"line":2412,"column":6},"end":{"line":2416,"column":7}},"476":{"start":{"line":2413,"column":8},"end":{"line":2415,"column":10}},"477":{"start":{"line":2419,"column":4},"end":{"line":2419,"column":71}},"478":{"start":{"line":2420,"column":4},"end":{"line":2420,"column":91}},"479":{"start":{"line":2422,"column":4},"end":{"line":2422,"column":16}},"480":{"start":{"line":2448,"column":2},"end":{"line":2452,"column":4}},"481":{"start":{"line":2449,"column":4},"end":{"line":2449,"column":28}},"482":{"start":{"line":2450,"column":4},"end":{"line":2450,"column":95}},"483":{"start":{"line":2451,"column":4},"end":{"line":2451,"column":16}},"484":{"start":{"line":2475,"column":2},"end":{"line":2491,"column":4}},"485":{"start":{"line":2477,"column":4},"end":{"line":2477,"column":35}},"486":{"start":{"line":2479,"column":4},"end":{"line":2479,"column":28}},"487":{"start":{"line":2481,"column":14},"end":{"line":2481,"column":33}},"488":{"start":{"line":2482,"column":14},"end":{"line":2482,"column":26}},"489":{"start":{"line":2484,"column":4},"end":{"line":2488,"column":6}},"490":{"start":{"line":2489,"column":4},"end":{"line":2489,"column":16}},"491":{"start":{"line":2516,"column":2},"end":{"line":2530,"column":4}},"492":{"start":{"line":2518,"column":4},"end":{"line":2518,"column":30}},"493":{"start":{"line":2520,"column":4},"end":{"line":2520,"column":28}},"494":{"start":{"line":2522,"column":4},"end":{"line":2524,"column":5}},"495":{"start":{"line":2523,"column":6},"end":{"line":2523,"column":73}},"496":{"start":{"line":2526,"column":4},"end":{"line":2526,"column":99}},"497":{"start":{"line":2528,"column":4},"end":{"line":2528,"column":16}},"498":{"start":{"line":2554,"column":2},"end":{"line":2562,"column":4}},"499":{"start":{"line":2555,"column":4},"end":{"line":2555,"column":28}},"500":{"start":{"line":2556,"column":4},"end":{"line":2560,"column":6}},"501":{"start":{"line":2561,"column":4},"end":{"line":2561,"column":16}},"502":{"start":{"line":2583,"column":2},"end":{"line":2587,"column":4}},"503":{"start":{"line":2584,"column":4},"end":{"line":2584,"column":28}},"504":{"start":{"line":2585,"column":4},"end":{"line":2585,"column":96}},"505":{"start":{"line":2586,"column":4},"end":{"line":2586,"column":16}},"506":{"start":{"line":2608,"column":2},"end":{"line":2612,"column":4}},"507":{"start":{"line":2609,"column":4},"end":{"line":2609,"column":28}},"508":{"start":{"line":2610,"column":4},"end":{"line":2610,"column":96}},"509":{"start":{"line":2611,"column":4},"end":{"line":2611,"column":16}},"510":{"start":{"line":2634,"column":2},"end":{"line":2638,"column":4}},"511":{"start":{"line":2635,"column":4},"end":{"line":2635,"column":28}},"512":{"start":{"line":2636,"column":4},"end":{"line":2636,"column":99}},"513":{"start":{"line":2637,"column":4},"end":{"line":2637,"column":16}},"514":{"start":{"line":2659,"column":2},"end":{"line":2663,"column":4}},"515":{"start":{"line":2660,"column":4},"end":{"line":2660,"column":28}},"516":{"start":{"line":2661,"column":4},"end":{"line":2661,"column":95}},"517":{"start":{"line":2662,"column":4},"end":{"line":2662,"column":16}},"518":{"start":{"line":2685,"column":2},"end":{"line":2693,"column":4}},"519":{"start":{"line":2686,"column":4},"end":{"line":2686,"column":28}},"520":{"start":{"line":2687,"column":4},"end":{"line":2691,"column":6}},"521":{"start":{"line":2692,"column":4},"end":{"line":2692,"column":16}},"522":{"start":{"line":2714,"column":2},"end":{"line":2718,"column":4}},"523":{"start":{"line":2715,"column":4},"end":{"line":2715,"column":28}},"524":{"start":{"line":2716,"column":4},"end":{"line":2716,"column":96}},"525":{"start":{"line":2717,"column":4},"end":{"line":2717,"column":16}},"526":{"start":{"line":2762,"column":2},"end":{"line":2803,"column":4}},"527":{"start":{"line":2764,"column":4},"end":{"line":2766,"column":5}},"528":{"start":{"line":2765,"column":6},"end":{"line":2765,"column":70}},"529":{"start":{"line":2768,"column":20},"end":{"line":2768,"column":22}},"530":{"start":{"line":2770,"column":4},"end":{"line":2770,"column":28}},"531":{"start":{"line":2772,"column":4},"end":{"line":2784,"column":5}},"532":{"start":{"line":2774,"column":6},"end":{"line":2776,"column":7}},"533":{"start":{"line":2775,"column":8},"end":{"line":2775,"column":37}},"534":{"start":{"line":2780,"column":6},"end":{"line":2782,"column":7}},"535":{"start":{"line":2781,"column":8},"end":{"line":2781,"column":43}},"536":{"start":{"line":2787,"column":4},"end":{"line":2799,"column":18}},"537":{"start":{"line":2789,"column":6},"end":{"line":2797,"column":20}},"538":{"start":{"line":2791,"column":8},"end":{"line":2795,"column":10}},"539":{"start":{"line":2801,"column":4},"end":{"line":2801,"column":16}},"540":{"start":{"line":2860,"column":2},"end":{"line":2935,"column":4}},"541":{"start":{"line":2863,"column":18},"end":{"line":2863,"column":20}},"542":{"start":{"line":2865,"column":4},"end":{"line":2865,"column":28}},"543":{"start":{"line":2867,"column":4},"end":{"line":2879,"column":5}},"544":{"start":{"line":2869,"column":6},"end":{"line":2871,"column":7}},"545":{"start":{"line":2870,"column":8},"end":{"line":2870,"column":37}},"546":{"start":{"line":2875,"column":6},"end":{"line":2877,"column":7}},"547":{"start":{"line":2876,"column":8},"end":{"line":2876,"column":43}},"548":{"start":{"line":2881,"column":4},"end":{"line":2881,"column":50}},"549":{"start":{"line":2884,"column":4},"end":{"line":2894,"column":18}},"550":{"start":{"line":2886,"column":6},"end":{"line":2892,"column":20}},"551":{"start":{"line":2887,"column":8},"end":{"line":2891,"column":10}},"552":{"start":{"line":2898,"column":4},"end":{"line":2931,"column":5}},"553":{"start":{"line":2900,"column":6},"end":{"line":2900,"column":58}},"554":{"start":{"line":2900,"column":35},"end":{"line":2900,"column":56}},"555":{"start":{"line":2902,"column":21},"end":{"line":2902,"column":23}},"556":{"start":{"line":2904,"column":6},"end":{"line":2916,"column":7}},"557":{"start":{"line":2906,"column":8},"end":{"line":2908,"column":9}},"558":{"start":{"line":2907,"column":10},"end":{"line":2907,"column":37}},"559":{"start":{"line":2912,"column":8},"end":{"line":2914,"column":9}},"560":{"start":{"line":2913,"column":10},"end":{"line":2913,"column":43}},"561":{"start":{"line":2918,"column":6},"end":{"line":2929,"column":20}},"562":{"start":{"line":2920,"column":8},"end":{"line":2927,"column":22}},"563":{"start":{"line":2922,"column":10},"end":{"line":2926,"column":12}},"564":{"start":{"line":2933,"column":4},"end":{"line":2933,"column":16}},"565":{"start":{"line":2972,"column":2},"end":{"line":3002,"column":4}},"566":{"start":{"line":2974,"column":15},"end":{"line":2974,"column":19}},"567":{"start":{"line":2976,"column":4},"end":{"line":2976,"column":28}},"568":{"start":{"line":2978,"column":4},"end":{"line":2980,"column":5}},"569":{"start":{"line":2979,"column":6},"end":{"line":2979,"column":68}},"570":{"start":{"line":2982,"column":4},"end":{"line":2984,"column":5}},"571":{"start":{"line":2983,"column":6},"end":{"line":2983,"column":21}},"572":{"start":{"line":2986,"column":20},"end":{"line":2986,"column":46}},"573":{"start":{"line":2988,"column":4},"end":{"line":2998,"column":7}},"574":{"start":{"line":2990,"column":6},"end":{"line":2996,"column":9}},"575":{"start":{"line":2991,"column":8},"end":{"line":2995,"column":10}},"576":{"start":{"line":3000,"column":4},"end":{"line":3000,"column":16}},"577":{"start":{"line":3104,"column":2},"end":{"line":3137,"column":4}},"578":{"start":{"line":3106,"column":4},"end":{"line":3106,"column":28}},"579":{"start":{"line":3108,"column":4},"end":{"line":3120,"column":5}},"580":{"start":{"line":3110,"column":6},"end":{"line":3110,"column":63}},"581":{"start":{"line":3111,"column":6},"end":{"line":3111,"column":84}},"582":{"start":{"line":3111,"column":36},"end":{"line":3111,"column":84}},"583":{"start":{"line":3115,"column":6},"end":{"line":3115,"column":42}},"584":{"start":{"line":3116,"column":6},"end":{"line":3118,"column":7}},"585":{"start":{"line":3117,"column":8},"end":{"line":3117,"column":78}},"586":{"start":{"line":3122,"column":4},"end":{"line":3122,"column":35}},"587":{"start":{"line":3123,"column":4},"end":{"line":3125,"column":5}},"588":{"start":{"line":3124,"column":6},"end":{"line":3124,"column":74}},"589":{"start":{"line":3127,"column":4},"end":{"line":3133,"column":18}},"590":{"start":{"line":3128,"column":6},"end":{"line":3132,"column":8}},"591":{"start":{"line":3135,"column":4},"end":{"line":3135,"column":16}},"592":{"start":{"line":3153,"column":2},"end":{"line":3174,"column":4}},"593":{"start":{"line":3155,"column":15},"end":{"line":3155,"column":19}},"594":{"start":{"line":3157,"column":4},"end":{"line":3157,"column":44}},"595":{"start":{"line":3158,"column":4},"end":{"line":3160,"column":5}},"596":{"start":{"line":3159,"column":6},"end":{"line":3159,"column":76}},"597":{"start":{"line":3162,"column":4},"end":{"line":3162,"column":44}},"598":{"start":{"line":3163,"column":4},"end":{"line":3165,"column":5}},"599":{"start":{"line":3164,"column":6},"end":{"line":3164,"column":76}},"600":{"start":{"line":3167,"column":4},"end":{"line":3170,"column":7}},"601":{"start":{"line":3168,"column":6},"end":{"line":3168,"column":72}},"602":{"start":{"line":3169,"column":6},"end":{"line":3169,"column":72}},"603":{"start":{"line":3172,"column":4},"end":{"line":3172,"column":16}},"604":{"start":{"line":3190,"column":2},"end":{"line":3211,"column":4}},"605":{"start":{"line":3192,"column":15},"end":{"line":3192,"column":19}},"606":{"start":{"line":3194,"column":4},"end":{"line":3194,"column":44}},"607":{"start":{"line":3195,"column":4},"end":{"line":3197,"column":5}},"608":{"start":{"line":3196,"column":6},"end":{"line":3196,"column":76}},"609":{"start":{"line":3199,"column":4},"end":{"line":3199,"column":44}},"610":{"start":{"line":3200,"column":4},"end":{"line":3202,"column":5}},"611":{"start":{"line":3201,"column":6},"end":{"line":3201,"column":76}},"612":{"start":{"line":3204,"column":4},"end":{"line":3207,"column":7}},"613":{"start":{"line":3205,"column":6},"end":{"line":3205,"column":72}},"614":{"start":{"line":3206,"column":6},"end":{"line":3206,"column":72}},"615":{"start":{"line":3209,"column":4},"end":{"line":3209,"column":16}},"616":{"start":{"line":3225,"column":2},"end":{"line":3249,"column":4}},"617":{"start":{"line":3227,"column":15},"end":{"line":3227,"column":19}},"618":{"start":{"line":3229,"column":4},"end":{"line":3229,"column":27}},"619":{"start":{"line":3231,"column":4},"end":{"line":3231,"column":34}},"620":{"start":{"line":3232,"column":4},"end":{"line":3234,"column":5}},"621":{"start":{"line":3233,"column":6},"end":{"line":3233,"column":70}},"622":{"start":{"line":3236,"column":4},"end":{"line":3238,"column":7}},"623":{"start":{"line":3237,"column":6},"end":{"line":3237,"column":67}},"624":{"start":{"line":3240,"column":4},"end":{"line":3240,"column":34}},"625":{"start":{"line":3241,"column":4},"end":{"line":3245,"column":5}},"626":{"start":{"line":3242,"column":6},"end":{"line":3244,"column":9}},"627":{"start":{"line":3243,"column":8},"end":{"line":3243,"column":69}},"628":{"start":{"line":3247,"column":4},"end":{"line":3247,"column":16}},"629":{"start":{"line":3266,"column":2},"end":{"line":3277,"column":4}},"630":{"start":{"line":3268,"column":15},"end":{"line":3268,"column":19}},"631":{"start":{"line":3270,"column":4},"end":{"line":3273,"column":7}},"632":{"start":{"line":3271,"column":6},"end":{"line":3271,"column":64}},"633":{"start":{"line":3272,"column":6},"end":{"line":3272,"column":64}},"634":{"start":{"line":3275,"column":4},"end":{"line":3275,"column":16}},"635":{"start":{"line":3339,"column":2},"end":{"line":3360,"column":4}},"636":{"start":{"line":3341,"column":15},"end":{"line":3341,"column":19}},"637":{"start":{"line":3343,"column":4},"end":{"line":3343,"column":28}},"638":{"start":{"line":3345,"column":4},"end":{"line":3350,"column":5}},"639":{"start":{"line":3346,"column":6},"end":{"line":3348,"column":7}},"640":{"start":{"line":3347,"column":8},"end":{"line":3347,"column":69}},"641":{"start":{"line":3349,"column":6},"end":{"line":3349,"column":58}},"642":{"start":{"line":3352,"column":4},"end":{"line":3356,"column":7}},"643":{"start":{"line":3353,"column":6},"end":{"line":3353,"column":72}},"644":{"start":{"line":3354,"column":6},"end":{"line":3354,"column":71}},"645":{"start":{"line":3355,"column":6},"end":{"line":3355,"column":63}},"646":{"start":{"line":3358,"column":4},"end":{"line":3358,"column":16}},"647":{"start":{"line":3413,"column":2},"end":{"line":3438,"column":4}},"648":{"start":{"line":3415,"column":15},"end":{"line":3415,"column":19}},"649":{"start":{"line":3417,"column":4},"end":{"line":3417,"column":28}},"650":{"start":{"line":3419,"column":4},"end":{"line":3426,"column":5}},"651":{"start":{"line":3423,"column":6},"end":{"line":3425,"column":8}},"652":{"start":{"line":3428,"column":4},"end":{"line":3428,"column":27}},"653":{"start":{"line":3430,"column":4},"end":{"line":3434,"column":7}},"654":{"start":{"line":3431,"column":6},"end":{"line":3431,"column":75}},"655":{"start":{"line":3432,"column":6},"end":{"line":3432,"column":71}},"656":{"start":{"line":3433,"column":6},"end":{"line":3433,"column":63}},"657":{"start":{"line":3436,"column":4},"end":{"line":3436,"column":16}},"658":{"start":{"line":3492,"column":2},"end":{"line":3513,"column":4}},"659":{"start":{"line":3494,"column":15},"end":{"line":3494,"column":19}},"660":{"start":{"line":3496,"column":4},"end":{"line":3496,"column":28}},"661":{"start":{"line":3498,"column":4},"end":{"line":3503,"column":5}},"662":{"start":{"line":3499,"column":6},"end":{"line":3501,"column":7}},"663":{"start":{"line":3500,"column":8},"end":{"line":3500,"column":69}},"664":{"start":{"line":3502,"column":6},"end":{"line":3502,"column":58}},"665":{"start":{"line":3505,"column":4},"end":{"line":3509,"column":7}},"666":{"start":{"line":3506,"column":6},"end":{"line":3506,"column":72}},"667":{"start":{"line":3507,"column":6},"end":{"line":3507,"column":69}},"668":{"start":{"line":3508,"column":6},"end":{"line":3508,"column":63}},"669":{"start":{"line":3511,"column":4},"end":{"line":3511,"column":16}},"670":{"start":{"line":3567,"column":2},"end":{"line":3586,"column":4}},"671":{"start":{"line":3569,"column":4},"end":{"line":3569,"column":28}},"672":{"start":{"line":3571,"column":4},"end":{"line":3576,"column":5}},"673":{"start":{"line":3572,"column":6},"end":{"line":3574,"column":7}},"674":{"start":{"line":3573,"column":8},"end":{"line":3573,"column":73}},"675":{"start":{"line":3575,"column":6},"end":{"line":3575,"column":58}},"676":{"start":{"line":3578,"column":4},"end":{"line":3582,"column":18}},"677":{"start":{"line":3579,"column":6},"end":{"line":3579,"column":72}},"678":{"start":{"line":3580,"column":6},"end":{"line":3580,"column":69}},"679":{"start":{"line":3581,"column":6},"end":{"line":3581,"column":63}},"680":{"start":{"line":3584,"column":4},"end":{"line":3584,"column":16}},"681":{"start":{"line":3621,"column":2},"end":{"line":3645,"column":4}},"682":{"start":{"line":3623,"column":15},"end":{"line":3623,"column":19}},"683":{"start":{"line":3625,"column":4},"end":{"line":3625,"column":28}},"684":{"start":{"line":3627,"column":4},"end":{"line":3627,"column":43}},"685":{"start":{"line":3628,"column":4},"end":{"line":3630,"column":5}},"686":{"start":{"line":3629,"column":6},"end":{"line":3629,"column":76}},"687":{"start":{"line":3632,"column":4},"end":{"line":3632,"column":35}},"688":{"start":{"line":3633,"column":4},"end":{"line":3635,"column":5}},"689":{"start":{"line":3634,"column":6},"end":{"line":3634,"column":72}},"690":{"start":{"line":3637,"column":4},"end":{"line":3641,"column":7}},"691":{"start":{"line":3638,"column":6},"end":{"line":3640,"column":8}},"692":{"start":{"line":3643,"column":4},"end":{"line":3643,"column":16}},"693":{"start":{"line":3679,"column":2},"end":{"line":3703,"column":4}},"694":{"start":{"line":3681,"column":15},"end":{"line":3681,"column":19}},"695":{"start":{"line":3683,"column":4},"end":{"line":3683,"column":28}},"696":{"start":{"line":3685,"column":4},"end":{"line":3685,"column":43}},"697":{"start":{"line":3686,"column":4},"end":{"line":3688,"column":5}},"698":{"start":{"line":3687,"column":6},"end":{"line":3687,"column":76}},"699":{"start":{"line":3690,"column":4},"end":{"line":3690,"column":35}},"700":{"start":{"line":3691,"column":4},"end":{"line":3693,"column":5}},"701":{"start":{"line":3692,"column":6},"end":{"line":3692,"column":72}},"702":{"start":{"line":3695,"column":4},"end":{"line":3699,"column":7}},"703":{"start":{"line":3696,"column":6},"end":{"line":3698,"column":8}},"704":{"start":{"line":3701,"column":4},"end":{"line":3701,"column":16}},"705":{"start":{"line":3738,"column":2},"end":{"line":3767,"column":4}},"706":{"start":{"line":3740,"column":15},"end":{"line":3740,"column":19}},"707":{"start":{"line":3742,"column":4},"end":{"line":3742,"column":28}},"708":{"start":{"line":3744,"column":4},"end":{"line":3744,"column":37}},"709":{"start":{"line":3746,"column":4},"end":{"line":3750,"column":5}},"710":{"start":{"line":3747,"column":6},"end":{"line":3749,"column":8}},"711":{"start":{"line":3752,"column":17},"end":{"line":3752,"column":39}},"712":{"start":{"line":3753,"column":15},"end":{"line":3753,"column":40}},"713":{"start":{"line":3756,"column":4},"end":{"line":3756,"column":46}},"714":{"start":{"line":3757,"column":14},"end":{"line":3757,"column":32}},"715":{"start":{"line":3758,"column":14},"end":{"line":3758,"column":25}},"716":{"start":{"line":3760,"column":4},"end":{"line":3763,"column":7}},"717":{"start":{"line":3761,"column":6},"end":{"line":3761,"column":96}},"718":{"start":{"line":3762,"column":6},"end":{"line":3762,"column":98}},"719":{"start":{"line":3765,"column":4},"end":{"line":3765,"column":16}},"720":{"start":{"line":3796,"column":2},"end":{"line":3813,"column":4}},"721":{"start":{"line":3798,"column":15},"end":{"line":3798,"column":19}},"722":{"start":{"line":3800,"column":4},"end":{"line":3800,"column":28}},"723":{"start":{"line":3802,"column":4},"end":{"line":3802,"column":30}},"724":{"start":{"line":3803,"column":4},"end":{"line":3805,"column":5}},"725":{"start":{"line":3804,"column":6},"end":{"line":3804,"column":74}},"726":{"start":{"line":3807,"column":4},"end":{"line":3809,"column":7}},"727":{"start":{"line":3808,"column":6},"end":{"line":3808,"column":89}},"728":{"start":{"line":3811,"column":4},"end":{"line":3811,"column":16}},"729":{"start":{"line":3842,"column":2},"end":{"line":3859,"column":4}},"730":{"start":{"line":3844,"column":15},"end":{"line":3844,"column":19}},"731":{"start":{"line":3846,"column":4},"end":{"line":3846,"column":28}},"732":{"start":{"line":3848,"column":4},"end":{"line":3848,"column":35}},"733":{"start":{"line":3849,"column":4},"end":{"line":3851,"column":5}},"734":{"start":{"line":3850,"column":6},"end":{"line":3850,"column":71}},"735":{"start":{"line":3853,"column":4},"end":{"line":3855,"column":7}},"736":{"start":{"line":3854,"column":6},"end":{"line":3854,"column":86}},"737":{"start":{"line":3857,"column":4},"end":{"line":3857,"column":16}},"738":{"start":{"line":3900,"column":2},"end":{"line":3940,"column":4}},"739":{"start":{"line":3902,"column":4},"end":{"line":3902,"column":28}},"740":{"start":{"line":3904,"column":4},"end":{"line":3920,"column":5}},"741":{"start":{"line":3906,"column":6},"end":{"line":3906,"column":55}},"742":{"start":{"line":3908,"column":6},"end":{"line":3910,"column":7}},"743":{"start":{"line":3909,"column":8},"end":{"line":3909,"column":66}},"744":{"start":{"line":3914,"column":6},"end":{"line":3914,"column":36}},"745":{"start":{"line":3916,"column":6},"end":{"line":3918,"column":7}},"746":{"start":{"line":3917,"column":8},"end":{"line":3917,"column":96}},"747":{"start":{"line":3922,"column":4},"end":{"line":3922,"column":35}},"748":{"start":{"line":3924,"column":4},"end":{"line":3926,"column":5}},"749":{"start":{"line":3925,"column":6},"end":{"line":3925,"column":74}},"750":{"start":{"line":3928,"column":4},"end":{"line":3936,"column":18}},"751":{"start":{"line":3930,"column":6},"end":{"line":3934,"column":8}},"752":{"start":{"line":3938,"column":4},"end":{"line":3938,"column":16}},"753":{"start":{"line":3969,"column":2},"end":{"line":3990,"column":4}},"754":{"start":{"line":3971,"column":15},"end":{"line":3971,"column":19}},"755":{"start":{"line":3973,"column":4},"end":{"line":3973,"column":28}},"756":{"start":{"line":3975,"column":4},"end":{"line":3975,"column":34}},"757":{"start":{"line":3976,"column":4},"end":{"line":3978,"column":5}},"758":{"start":{"line":3977,"column":6},"end":{"line":3977,"column":73}},"759":{"start":{"line":3980,"column":4},"end":{"line":3986,"column":7}},"760":{"start":{"line":3981,"column":6},"end":{"line":3985,"column":8}},"761":{"start":{"line":3988,"column":4},"end":{"line":3988,"column":16}},"762":{"start":{"line":4018,"column":2},"end":{"line":4039,"column":4}},"763":{"start":{"line":4020,"column":15},"end":{"line":4020,"column":19}},"764":{"start":{"line":4022,"column":4},"end":{"line":4022,"column":28}},"765":{"start":{"line":4024,"column":4},"end":{"line":4024,"column":36}},"766":{"start":{"line":4025,"column":4},"end":{"line":4025,"column":76}},"767":{"start":{"line":4025,"column":59},"end":{"line":4025,"column":74}},"768":{"start":{"line":4027,"column":20},"end":{"line":4027,"column":46}},"769":{"start":{"line":4029,"column":4},"end":{"line":4035,"column":7}},"770":{"start":{"line":4030,"column":6},"end":{"line":4034,"column":8}},"771":{"start":{"line":4037,"column":4},"end":{"line":4037,"column":16}},"772":{"start":{"line":4068,"column":2},"end":{"line":4092,"column":4}},"773":{"start":{"line":4070,"column":15},"end":{"line":4070,"column":19}},"774":{"start":{"line":4072,"column":4},"end":{"line":4072,"column":28}},"775":{"start":{"line":4074,"column":4},"end":{"line":4076,"column":5}},"776":{"start":{"line":4075,"column":6},"end":{"line":4075,"column":73}},"777":{"start":{"line":4078,"column":17},"end":{"line":4078,"column":51}},"778":{"start":{"line":4079,"column":14},"end":{"line":4079,"column":34}},"779":{"start":{"line":4080,"column":14},"end":{"line":4080,"column":27}},"780":{"start":{"line":4082,"column":4},"end":{"line":4088,"column":7}},"781":{"start":{"line":4083,"column":6},"end":{"line":4087,"column":8}},"782":{"start":{"line":4090,"column":4},"end":{"line":4090,"column":16}},"783":{"start":{"line":4108,"column":2},"end":{"line":4121,"column":4}},"784":{"start":{"line":4111,"column":15},"end":{"line":4111,"column":31}},"785":{"start":{"line":4113,"column":4},"end":{"line":4117,"column":5}},"786":{"start":{"line":4114,"column":6},"end":{"line":4114,"column":57}},"787":{"start":{"line":4114,"column":32},"end":{"line":4114,"column":57}},"788":{"start":{"line":4116,"column":6},"end":{"line":4116,"column":43}},"789":{"start":{"line":4116,"column":28},"end":{"line":4116,"column":43}},"790":{"start":{"line":4119,"column":4},"end":{"line":4119,"column":17}},"791":{"start":{"line":4132,"column":2},"end":{"line":4144,"column":4}},"792":{"start":{"line":4134,"column":16},"end":{"line":4134,"column":18}},"793":{"start":{"line":4136,"column":4},"end":{"line":4136,"column":50}},"794":{"start":{"line":4136,"column":34},"end":{"line":4136,"column":48}},"795":{"start":{"line":4138,"column":4},"end":{"line":4140,"column":7}},"796":{"start":{"line":4139,"column":6},"end":{"line":4139,"column":43}},"797":{"start":{"line":4142,"column":4},"end":{"line":4142,"column":17}},"798":{"start":{"line":4148,"column":2},"end":{"line":4156,"column":3}},"799":{"start":{"line":4149,"column":4},"end":{"line":4151,"column":7}},"800":{"start":{"line":4150,"column":6},"end":{"line":4150,"column":16}},"801":{"start":{"line":4152,"column":9},"end":{"line":4156,"column":3}},"802":{"start":{"line":4153,"column":4},"end":{"line":4153,"column":24}},"803":{"start":{"line":4155,"column":4},"end":{"line":4155,"column":47}},"804":{"start":{"line":4155,"column":26},"end":{"line":4155,"column":45}}},"fnMap":{"0":{"name":"(anonymous_0)","decl":{"start":{"line":1,"column":1},"end":{"line":1,"column":2}},"loc":{"start":{"line":1,"column":17},"end":{"line":4158,"column":1}},"line":1},"1":{"name":"WebMidi","decl":{"start":{"line":60,"column":11},"end":{"line":60,"column":18}},"loc":{"start":{"line":60,"column":21},"end":{"line":419,"column":3}},"line":60},"2":{"name":"(anonymous_2)","decl":{"start":{"line":339,"column":13},"end":{"line":339,"column":14}},"loc":{"start":{"line":339,"column":24},"end":{"line":341,"column":9}},"line":339},"3":{"name":"(anonymous_3)","decl":{"start":{"line":354,"column":13},"end":{"line":354,"column":14}},"loc":{"start":{"line":354,"column":24},"end":{"line":356,"column":9}},"line":354},"4":{"name":"(anonymous_4)","decl":{"start":{"line":368,"column":13},"end":{"line":368,"column":14}},"loc":{"start":{"line":368,"column":24},"end":{"line":370,"column":9}},"line":368},"5":{"name":"(anonymous_5)","decl":{"start":{"line":382,"column":13},"end":{"line":382,"column":14}},"loc":{"start":{"line":382,"column":24},"end":{"line":384,"column":9}},"line":382},"6":{"name":"(anonymous_6)","decl":{"start":{"line":397,"column":13},"end":{"line":397,"column":14}},"loc":{"start":{"line":397,"column":24},"end":{"line":399,"column":9}},"line":397},"7":{"name":"(anonymous_7)","decl":{"start":{"line":412,"column":13},"end":{"line":412,"column":14}},"loc":{"start":{"line":412,"column":24},"end":{"line":414,"column":9}},"line":412},"8":{"name":"(anonymous_8)","decl":{"start":{"line":445,"column":29},"end":{"line":445,"column":30}},"loc":{"start":{"line":445,"column":55},"end":{"line":553,"column":3}},"line":445},"9":{"name":"(anonymous_9)","decl":{"start":{"line":474,"column":6},"end":{"line":474,"column":7}},"loc":{"start":{"line":474,"column":27},"end":{"line":545,"column":7}},"line":474},"10":{"name":"(anonymous_10)","decl":{"start":{"line":486,"column":39},"end":{"line":486,"column":40}},"loc":{"start":{"line":486,"column":52},"end":{"line":488,"column":9}},"line":486},"11":{"name":"onPortsOpen","decl":{"start":{"line":510,"column":17},"end":{"line":510,"column":28}},"loc":{"start":{"line":510,"column":31},"end":{"line":524,"column":9}},"line":510},"12":{"name":"(anonymous_12)","decl":{"start":{"line":520,"column":25},"end":{"line":520,"column":26}},"loc":{"start":{"line":520,"column":42},"end":{"line":522,"column":11}},"line":520},"13":{"name":"(anonymous_13)","decl":{"start":{"line":531,"column":19},"end":{"line":531,"column":20}},"loc":{"start":{"line":531,"column":33},"end":{"line":531,"column":55}},"line":531},"14":{"name":"(anonymous_14)","decl":{"start":{"line":547,"column":6},"end":{"line":547,"column":7}},"loc":{"start":{"line":547,"column":21},"end":{"line":549,"column":7}},"line":547},"15":{"name":"(anonymous_15)","decl":{"start":{"line":565,"column":30},"end":{"line":565,"column":31}},"loc":{"start":{"line":565,"column":41},"end":{"line":577,"column":3}},"line":565},"16":{"name":"(anonymous_16)","decl":{"start":{"line":605,"column":34},"end":{"line":605,"column":35}},"loc":{"start":{"line":605,"column":59},"end":{"line":623,"column":3}},"line":605},"17":{"name":"(anonymous_17)","decl":{"start":{"line":642,"column":34},"end":{"line":642,"column":35}},"loc":{"start":{"line":642,"column":59},"end":{"line":666,"column":3}},"line":642},"18":{"name":"(anonymous_18)","decl":{"start":{"line":686,"column":37},"end":{"line":686,"column":38}},"loc":{"start":{"line":686,"column":62},"end":{"line":720,"column":3}},"line":686},"19":{"name":"(anonymous_19)","decl":{"start":{"line":743,"column":37},"end":{"line":743,"column":38}},"loc":{"start":{"line":743,"column":55},"end":{"line":771,"column":3}},"line":743},"20":{"name":"(anonymous_20)","decl":{"start":{"line":764,"column":11},"end":{"line":764,"column":12}},"loc":{"start":{"line":764,"column":24},"end":{"line":766,"column":7}},"line":764},"21":{"name":"(anonymous_21)","decl":{"start":{"line":767,"column":14},"end":{"line":767,"column":15}},"loc":{"start":{"line":767,"column":27},"end":{"line":769,"column":7}},"line":767},"22":{"name":"(anonymous_22)","decl":{"start":{"line":794,"column":35},"end":{"line":794,"column":36}},"loc":{"start":{"line":794,"column":48},"end":{"line":806,"column":3}},"line":794},"23":{"name":"(anonymous_23)","decl":{"start":{"line":828,"column":36},"end":{"line":828,"column":37}},"loc":{"start":{"line":828,"column":49},"end":{"line":840,"column":3}},"line":828},"24":{"name":"(anonymous_24)","decl":{"start":{"line":862,"column":37},"end":{"line":862,"column":38}},"loc":{"start":{"line":862,"column":52},"end":{"line":874,"column":3}},"line":862},"25":{"name":"(anonymous_25)","decl":{"start":{"line":891,"column":32},"end":{"line":891,"column":33}},"loc":{"start":{"line":891,"column":49},"end":{"line":897,"column":3}},"line":891},"26":{"name":"(anonymous_26)","decl":{"start":{"line":918,"column":38},"end":{"line":918,"column":39}},"loc":{"start":{"line":918,"column":53},"end":{"line":930,"column":3}},"line":918},"27":{"name":"(anonymous_27)","decl":{"start":{"line":945,"column":38},"end":{"line":945,"column":39}},"loc":{"start":{"line":945,"column":54},"end":{"line":960,"column":3}},"line":945},"28":{"name":"(anonymous_28)","decl":{"start":{"line":985,"column":39},"end":{"line":985,"column":40}},"loc":{"start":{"line":985,"column":54},"end":{"line":1009,"column":3}},"line":985},"29":{"name":"(anonymous_29)","decl":{"start":{"line":1016,"column":46},"end":{"line":1016,"column":47}},"loc":{"start":{"line":1016,"column":57},"end":{"line":1019,"column":3}},"line":1016},"30":{"name":"(anonymous_30)","decl":{"start":{"line":1026,"column":36},"end":{"line":1026,"column":37}},"loc":{"start":{"line":1026,"column":47},"end":{"line":1067,"column":3}},"line":1026},"31":{"name":"(anonymous_31)","decl":{"start":{"line":1051,"column":52},"end":{"line":1051,"column":53}},"loc":{"start":{"line":1051,"column":70},"end":{"line":1065,"column":5}},"line":1051},"32":{"name":"(anonymous_32)","decl":{"start":{"line":1074,"column":37},"end":{"line":1074,"column":38}},"loc":{"start":{"line":1074,"column":48},"end":{"line":1115,"column":3}},"line":1074},"33":{"name":"(anonymous_33)","decl":{"start":{"line":1099,"column":53},"end":{"line":1099,"column":54}},"loc":{"start":{"line":1099,"column":72},"end":{"line":1113,"column":5}},"line":1099},"34":{"name":"(anonymous_34)","decl":{"start":{"line":1122,"column":46},"end":{"line":1122,"column":47}},"loc":{"start":{"line":1122,"column":58},"end":{"line":1182,"column":3}},"line":1122},"35":{"name":"(anonymous_35)","decl":{"start":{"line":1178,"column":45},"end":{"line":1178,"column":46}},"loc":{"start":{"line":1178,"column":64},"end":{"line":1180,"column":5}},"line":1178},"36":{"name":"(anonymous_36)","decl":{"start":{"line":1189,"column":50},"end":{"line":1189,"column":51}},"loc":{"start":{"line":1189,"column":61},"end":{"line":1195,"column":3}},"line":1189},"37":{"name":"Input","decl":{"start":{"line":1206,"column":11},"end":{"line":1206,"column":16}},"loc":{"start":{"line":1206,"column":28},"end":{"line":1303,"column":3}},"line":1206},"38":{"name":"(anonymous_38)","decl":{"start":{"line":1226,"column":13},"end":{"line":1226,"column":14}},"loc":{"start":{"line":1226,"column":25},"end":{"line":1228,"column":9}},"line":1226},"39":{"name":"(anonymous_39)","decl":{"start":{"line":1241,"column":13},"end":{"line":1241,"column":14}},"loc":{"start":{"line":1241,"column":25},"end":{"line":1243,"column":9}},"line":1241},"40":{"name":"(anonymous_40)","decl":{"start":{"line":1254,"column":13},"end":{"line":1254,"column":14}},"loc":{"start":{"line":1254,"column":25},"end":{"line":1256,"column":9}},"line":1254},"41":{"name":"(anonymous_41)","decl":{"start":{"line":1267,"column":13},"end":{"line":1267,"column":14}},"loc":{"start":{"line":1267,"column":25},"end":{"line":1269,"column":9}},"line":1267},"42":{"name":"(anonymous_42)","decl":{"start":{"line":1280,"column":13},"end":{"line":1280,"column":14}},"loc":{"start":{"line":1280,"column":25},"end":{"line":1282,"column":9}},"line":1280},"43":{"name":"(anonymous_43)","decl":{"start":{"line":1293,"column":13},"end":{"line":1293,"column":14}},"loc":{"start":{"line":1293,"column":25},"end":{"line":1295,"column":9}},"line":1293},"44":{"name":"(anonymous_44)","decl":{"start":{"line":1363,"column":32},"end":{"line":1363,"column":33}},"loc":{"start":{"line":1363,"column":66},"end":{"line":1415,"column":3}},"line":1363},"45":{"name":"(anonymous_45)","decl":{"start":{"line":1371,"column":20},"end":{"line":1371,"column":21}},"loc":{"start":{"line":1371,"column":34},"end":{"line":1377,"column":5}},"line":1371},"46":{"name":"(anonymous_46)","decl":{"start":{"line":1399,"column":22},"end":{"line":1399,"column":23}},"loc":{"start":{"line":1399,"column":34},"end":{"line":1407,"column":7}},"line":1399},"47":{"name":"(anonymous_47)","decl":{"start":{"line":1446,"column":32},"end":{"line":1446,"column":33}},"loc":{"start":{"line":1446,"column":66},"end":{"line":1483,"column":3}},"line":1446},"48":{"name":"(anonymous_48)","decl":{"start":{"line":1474,"column":27},"end":{"line":1474,"column":28}},"loc":{"start":{"line":1474,"column":43},"end":{"line":1477,"column":7}},"line":1474},"49":{"name":"(anonymous_49)","decl":{"start":{"line":1508,"column":35},"end":{"line":1508,"column":36}},"loc":{"start":{"line":1508,"column":69},"end":{"line":1568,"column":3}},"line":1508},"50":{"name":"(anonymous_50)","decl":{"start":{"line":1546,"column":22},"end":{"line":1546,"column":23}},"loc":{"start":{"line":1546,"column":38},"end":{"line":1558,"column":7}},"line":1546},"51":{"name":"(anonymous_51)","decl":{"start":{"line":1574,"column":44},"end":{"line":1574,"column":45}},"loc":{"start":{"line":1574,"column":55},"end":{"line":1588,"column":3}},"line":1574},"52":{"name":"(anonymous_52)","decl":{"start":{"line":1594,"column":35},"end":{"line":1594,"column":36}},"loc":{"start":{"line":1594,"column":47},"end":{"line":1632,"column":3}},"line":1594},"53":{"name":"(anonymous_53)","decl":{"start":{"line":1621,"column":8},"end":{"line":1621,"column":9}},"loc":{"start":{"line":1621,"column":27},"end":{"line":1621,"column":47}},"line":1621},"54":{"name":"(anonymous_54)","decl":{"start":{"line":1639,"column":39},"end":{"line":1639,"column":40}},"loc":{"start":{"line":1639,"column":51},"end":{"line":1880,"column":3}},"line":1639},"55":{"name":"(anonymous_55)","decl":{"start":{"line":1876,"column":8},"end":{"line":1876,"column":9}},"loc":{"start":{"line":1876,"column":27},"end":{"line":1876,"column":47}},"line":1876},"56":{"name":"(anonymous_56)","decl":{"start":{"line":1895,"column":38},"end":{"line":1895,"column":39}},"loc":{"start":{"line":1895,"column":55},"end":{"line":1916,"column":3}},"line":1895},"57":{"name":"(anonymous_57)","decl":{"start":{"line":1931,"column":43},"end":{"line":1931,"column":44}},"loc":{"start":{"line":1931,"column":60},"end":{"line":1950,"column":3}},"line":1931},"58":{"name":"(anonymous_58)","decl":{"start":{"line":1956,"column":38},"end":{"line":1956,"column":39}},"loc":{"start":{"line":1956,"column":50},"end":{"line":2181,"column":3}},"line":1956},"59":{"name":"(anonymous_59)","decl":{"start":{"line":2177,"column":8},"end":{"line":2177,"column":9}},"loc":{"start":{"line":2177,"column":27},"end":{"line":2177,"column":47}},"line":2177},"60":{"name":"Output","decl":{"start":{"line":2192,"column":11},"end":{"line":2192,"column":17}},"loc":{"start":{"line":2192,"column":30},"end":{"line":2280,"column":3}},"line":2192},"61":{"name":"(anonymous_61)","decl":{"start":{"line":2208,"column":13},"end":{"line":2208,"column":14}},"loc":{"start":{"line":2208,"column":25},"end":{"line":2210,"column":9}},"line":2208},"62":{"name":"(anonymous_62)","decl":{"start":{"line":2221,"column":13},"end":{"line":2221,"column":14}},"loc":{"start":{"line":2221,"column":25},"end":{"line":2223,"column":9}},"line":2221},"63":{"name":"(anonymous_63)","decl":{"start":{"line":2234,"column":13},"end":{"line":2234,"column":14}},"loc":{"start":{"line":2234,"column":25},"end":{"line":2236,"column":9}},"line":2234},"64":{"name":"(anonymous_64)","decl":{"start":{"line":2247,"column":13},"end":{"line":2247,"column":14}},"loc":{"start":{"line":2247,"column":25},"end":{"line":2249,"column":9}},"line":2247},"65":{"name":"(anonymous_65)","decl":{"start":{"line":2260,"column":13},"end":{"line":2260,"column":14}},"loc":{"start":{"line":2260,"column":25},"end":{"line":2262,"column":9}},"line":2260},"66":{"name":"(anonymous_66)","decl":{"start":{"line":2273,"column":13},"end":{"line":2273,"column":14}},"loc":{"start":{"line":2273,"column":25},"end":{"line":2275,"column":9}},"line":2273},"67":{"name":"(anonymous_67)","decl":{"start":{"line":2311,"column":26},"end":{"line":2311,"column":27}},"loc":{"start":{"line":2311,"column":60},"end":{"line":2338,"column":3}},"line":2311},"68":{"name":"(anonymous_68)","decl":{"start":{"line":2322,"column":17},"end":{"line":2322,"column":18}},"loc":{"start":{"line":2322,"column":31},"end":{"line":2332,"column":5}},"line":2322},"69":{"name":"(anonymous_69)","decl":{"start":{"line":2401,"column":31},"end":{"line":2401,"column":32}},"loc":{"start":{"line":2401,"column":69},"end":{"line":2424,"column":3}},"line":2401},"70":{"name":"(anonymous_70)","decl":{"start":{"line":2411,"column":17},"end":{"line":2411,"column":18}},"loc":{"start":{"line":2411,"column":31},"end":{"line":2417,"column":5}},"line":2411},"71":{"name":"(anonymous_71)","decl":{"start":{"line":2448,"column":46},"end":{"line":2448,"column":47}},"loc":{"start":{"line":2448,"column":71},"end":{"line":2452,"column":3}},"line":2448},"72":{"name":"(anonymous_72)","decl":{"start":{"line":2475,"column":38},"end":{"line":2475,"column":39}},"loc":{"start":{"line":2475,"column":63},"end":{"line":2491,"column":3}},"line":2475},"73":{"name":"(anonymous_73)","decl":{"start":{"line":2516,"column":36},"end":{"line":2516,"column":37}},"loc":{"start":{"line":2516,"column":61},"end":{"line":2530,"column":3}},"line":2516},"74":{"name":"(anonymous_74)","decl":{"start":{"line":2554,"column":39},"end":{"line":2554,"column":40}},"loc":{"start":{"line":2554,"column":57},"end":{"line":2562,"column":3}},"line":2554},"75":{"name":"(anonymous_75)","decl":{"start":{"line":2583,"column":31},"end":{"line":2583,"column":32}},"loc":{"start":{"line":2583,"column":49},"end":{"line":2587,"column":3}},"line":2583},"76":{"name":"(anonymous_76)","decl":{"start":{"line":2608,"column":31},"end":{"line":2608,"column":32}},"loc":{"start":{"line":2608,"column":49},"end":{"line":2612,"column":3}},"line":2608},"77":{"name":"(anonymous_77)","decl":{"start":{"line":2634,"column":34},"end":{"line":2634,"column":35}},"loc":{"start":{"line":2634,"column":52},"end":{"line":2638,"column":3}},"line":2634},"78":{"name":"(anonymous_78)","decl":{"start":{"line":2659,"column":30},"end":{"line":2659,"column":31}},"loc":{"start":{"line":2659,"column":48},"end":{"line":2663,"column":3}},"line":2659},"79":{"name":"(anonymous_79)","decl":{"start":{"line":2685,"column":39},"end":{"line":2685,"column":40}},"loc":{"start":{"line":2685,"column":57},"end":{"line":2693,"column":3}},"line":2685},"80":{"name":"(anonymous_80)","decl":{"start":{"line":2714,"column":31},"end":{"line":2714,"column":32}},"loc":{"start":{"line":2714,"column":49},"end":{"line":2718,"column":3}},"line":2714},"81":{"name":"(anonymous_81)","decl":{"start":{"line":2762,"column":30},"end":{"line":2762,"column":31}},"loc":{"start":{"line":2762,"column":63},"end":{"line":2803,"column":3}},"line":2762},"82":{"name":"(anonymous_82)","decl":{"start":{"line":2787,"column":43},"end":{"line":2787,"column":44}},"loc":{"start":{"line":2787,"column":58},"end":{"line":2799,"column":5}},"line":2787},"83":{"name":"(anonymous_83)","decl":{"start":{"line":2789,"column":41},"end":{"line":2789,"column":42}},"loc":{"start":{"line":2789,"column":54},"end":{"line":2797,"column":7}},"line":2789},"84":{"name":"(anonymous_84)","decl":{"start":{"line":2860,"column":30},"end":{"line":2860,"column":31}},"loc":{"start":{"line":2860,"column":63},"end":{"line":2935,"column":3}},"line":2860},"85":{"name":"(anonymous_85)","decl":{"start":{"line":2884,"column":43},"end":{"line":2884,"column":44}},"loc":{"start":{"line":2884,"column":58},"end":{"line":2894,"column":5}},"line":2884},"86":{"name":"(anonymous_86)","decl":{"start":{"line":2886,"column":41},"end":{"line":2886,"column":42}},"loc":{"start":{"line":2886,"column":54},"end":{"line":2892,"column":7}},"line":2886},"87":{"name":"(anonymous_87)","decl":{"start":{"line":2918,"column":45},"end":{"line":2918,"column":46}},"loc":{"start":{"line":2918,"column":60},"end":{"line":2929,"column":7}},"line":2918},"88":{"name":"(anonymous_88)","decl":{"start":{"line":2920,"column":43},"end":{"line":2920,"column":44}},"loc":{"start":{"line":2920,"column":56},"end":{"line":2927,"column":9}},"line":2920},"89":{"name":"(anonymous_89)","decl":{"start":{"line":2972,"column":39},"end":{"line":2972,"column":40}},"loc":{"start":{"line":2972,"column":82},"end":{"line":3002,"column":3}},"line":2972},"90":{"name":"(anonymous_90)","decl":{"start":{"line":2988,"column":43},"end":{"line":2988,"column":44}},"loc":{"start":{"line":2988,"column":58},"end":{"line":2998,"column":5}},"line":2988},"91":{"name":"(anonymous_91)","decl":{"start":{"line":2990,"column":41},"end":{"line":2990,"column":42}},"loc":{"start":{"line":2990,"column":54},"end":{"line":2996,"column":7}},"line":2990},"92":{"name":"(anonymous_92)","decl":{"start":{"line":3104,"column":39},"end":{"line":3104,"column":40}},"loc":{"start":{"line":3104,"column":85},"end":{"line":3137,"column":3}},"line":3104},"93":{"name":"(anonymous_93)","decl":{"start":{"line":3127,"column":39},"end":{"line":3127,"column":40}},"loc":{"start":{"line":3127,"column":52},"end":{"line":3133,"column":5}},"line":3127},"94":{"name":"(anonymous_94)","decl":{"start":{"line":3153,"column":48},"end":{"line":3153,"column":49}},"loc":{"start":{"line":3153,"column":83},"end":{"line":3174,"column":3}},"line":3153},"95":{"name":"(anonymous_95)","decl":{"start":{"line":3167,"column":39},"end":{"line":3167,"column":40}},"loc":{"start":{"line":3167,"column":50},"end":{"line":3170,"column":5}},"line":3167},"96":{"name":"(anonymous_96)","decl":{"start":{"line":3190,"column":51},"end":{"line":3190,"column":52}},"loc":{"start":{"line":3190,"column":86},"end":{"line":3211,"column":3}},"line":3190},"97":{"name":"(anonymous_97)","decl":{"start":{"line":3204,"column":39},"end":{"line":3204,"column":40}},"loc":{"start":{"line":3204,"column":50},"end":{"line":3207,"column":5}},"line":3204},"98":{"name":"(anonymous_98)","decl":{"start":{"line":3225,"column":52},"end":{"line":3225,"column":53}},"loc":{"start":{"line":3225,"column":82},"end":{"line":3249,"column":3}},"line":3225},"99":{"name":"(anonymous_99)","decl":{"start":{"line":3236,"column":39},"end":{"line":3236,"column":40}},"loc":{"start":{"line":3236,"column":50},"end":{"line":3238,"column":5}},"line":3236},"100":{"name":"(anonymous_100)","decl":{"start":{"line":3242,"column":41},"end":{"line":3242,"column":42}},"loc":{"start":{"line":3242,"column":52},"end":{"line":3244,"column":7}},"line":3242},"101":{"name":"(anonymous_101)","decl":{"start":{"line":3266,"column":50},"end":{"line":3266,"column":51}},"loc":{"start":{"line":3266,"column":74},"end":{"line":3277,"column":3}},"line":3266},"102":{"name":"(anonymous_102)","decl":{"start":{"line":3270,"column":39},"end":{"line":3270,"column":40}},"loc":{"start":{"line":3270,"column":50},"end":{"line":3273,"column":5}},"line":3270},"103":{"name":"(anonymous_103)","decl":{"start":{"line":3339,"column":44},"end":{"line":3339,"column":45}},"loc":{"start":{"line":3339,"column":88},"end":{"line":3360,"column":3}},"line":3339},"104":{"name":"(anonymous_104)","decl":{"start":{"line":3352,"column":39},"end":{"line":3352,"column":40}},"loc":{"start":{"line":3352,"column":50},"end":{"line":3356,"column":5}},"line":3352},"105":{"name":"(anonymous_105)","decl":{"start":{"line":3413,"column":47},"end":{"line":3413,"column":48}},"loc":{"start":{"line":3413,"column":91},"end":{"line":3438,"column":3}},"line":3413},"106":{"name":"(anonymous_106)","decl":{"start":{"line":3430,"column":39},"end":{"line":3430,"column":40}},"loc":{"start":{"line":3430,"column":50},"end":{"line":3434,"column":5}},"line":3430},"107":{"name":"(anonymous_107)","decl":{"start":{"line":3492,"column":50},"end":{"line":3492,"column":51}},"loc":{"start":{"line":3492,"column":88},"end":{"line":3513,"column":3}},"line":3492},"108":{"name":"(anonymous_108)","decl":{"start":{"line":3505,"column":39},"end":{"line":3505,"column":40}},"loc":{"start":{"line":3505,"column":50},"end":{"line":3509,"column":5}},"line":3505},"109":{"name":"(anonymous_109)","decl":{"start":{"line":3567,"column":50},"end":{"line":3567,"column":51}},"loc":{"start":{"line":3567,"column":88},"end":{"line":3586,"column":3}},"line":3567},"110":{"name":"(anonymous_110)","decl":{"start":{"line":3578,"column":39},"end":{"line":3578,"column":40}},"loc":{"start":{"line":3578,"column":50},"end":{"line":3582,"column":5}},"line":3578},"111":{"name":"(anonymous_111)","decl":{"start":{"line":3621,"column":39},"end":{"line":3621,"column":40}},"loc":{"start":{"line":3621,"column":84},"end":{"line":3645,"column":3}},"line":3621},"112":{"name":"(anonymous_112)","decl":{"start":{"line":3637,"column":39},"end":{"line":3637,"column":40}},"loc":{"start":{"line":3637,"column":50},"end":{"line":3641,"column":5}},"line":3637},"113":{"name":"(anonymous_113)","decl":{"start":{"line":3679,"column":40},"end":{"line":3679,"column":41}},"loc":{"start":{"line":3679,"column":85},"end":{"line":3703,"column":3}},"line":3679},"114":{"name":"(anonymous_114)","decl":{"start":{"lin
[...]
c":{"start":{"line":3846,"column":14},"end":{"line":3846,"column":27}},"type":"binary-expr","locations":[{"start":{"line":3846,"column":14},"end":{"line":3846,"column":21}},{"start":{"line":3846,"column":25},"end":{"line":3846,"column":27}}],"line":3846},"252":{"loc":{"start":{"line":3848,"column":12},"end":{"line":3848,"column":34}},"type":"binary-expr","locations":[{"start":{"line":3848,"column":12},"end":{"line":3848,"column":29}},{"start":{"line":3848,"column":33},"end":{"line":3848,"column":34}}],"line":3848},"253":{"loc":{"start":{"line":3849,"column":4},"end":{"line":3851,"column":5}},"type":"if","locations":[{"start":{"line":3849,"column":4},"end":{"line":3851,"column":5}},{"start":{"line":3849,"column":4},"end":{"line":3851,"column":5}}],"line":3849},"254":{"loc":{"start":{"line":3849,"column":11},"end":{"line":3849,"column":37}},"type":"binary-expr","locations":[{"start":{"line":3849,"column":11},"end":{"line":3849,"column":21}},{"start":{"line":3849,"column":25},"end":{"line":3849,"column":37}}],"line":3849},"255":{"loc":{"start":{"line":3902,"column":14},"end":{"line":3902,"column":27}},"type":"binary-expr","locations":[{"start":{"line":3902,"column":14},"end":{"line":3902,"column":21}},{"start":{"line":3902,"column":25},"end":{"line":3902,"column":27}}],"line":3902},"256":{"loc":{"start":{"line":3904,"column":4},"end":{"line":3920,"column":5}},"type":"if","locations":[{"start":{"line":3904,"column":4},"end":{"line":3920,"column":5}},{"start":{"line":3904,"column":4},"end":{"line":3920,"column":5}}],"line":3904},"257":{"loc":{"start":{"line":3908,"column":6},"end":{"line":3910,"column":7}},"type":"if","locations":[{"start":{"line":3908,"column":6},"end":{"line":3910,"column":7}},{"start":{"line":3908,"column":6},"end":{"line":3910,"column":7}}],"line":3908},"258":{"loc":{"start":{"line":3916,"column":6},"end":{"line":3918,"column":7}},"type":"if","locations":[{"start":{"line":3916,"column":6},"end":{"line":3918,"column":7}},{"start":{"line":3916,"column":6},"end":{"line":3918,"column":7}}],"line":3916},"259":{"loc":{"start":{"line":3916,"column":13},"end":{"line":3916,"column":45}},"type":"binary-expr","locations":[{"start":{"line":3916,"column":13},"end":{"line":3916,"column":27}},{"start":{"line":3916,"column":31},"end":{"line":3916,"column":45}}],"line":3916},"260":{"loc":{"start":{"line":3922,"column":12},"end":{"line":3922,"column":34}},"type":"binary-expr","locations":[{"start":{"line":3922,"column":12},"end":{"line":3922,"column":29}},{"start":{"line":3922,"column":33},"end":{"line":3922,"column":34}}],"line":3922},"261":{"loc":{"start":{"line":3924,"column":4},"end":{"line":3926,"column":5}},"type":"if","locations":[{"start":{"line":3924,"column":4},"end":{"line":3926,"column":5}},{"start":{"line":3924,"column":4},"end":{"line":3926,"column":5}}],"line":3924},"262":{"loc":{"start":{"line":3924,"column":8},"end":{"line":3924,"column":32}},"type":"binary-expr","locations":[{"start":{"line":3924,"column":8},"end":{"line":3924,"column":17}},{"start":{"line":3924,"column":21},"end":{"line":3924,"column":32}}],"line":3924},"263":{"loc":{"start":{"line":3973,"column":14},"end":{"line":3973,"column":27}},"type":"binary-expr","locations":[{"start":{"line":3973,"column":14},"end":{"line":3973,"column":21}},{"start":{"line":3973,"column":25},"end":{"line":3973,"column":27}}],"line":3973},"264":{"loc":{"start":{"line":3976,"column":4},"end":{"line":3978,"column":5}},"type":"if","locations":[{"start":{"line":3976,"column":4},"end":{"line":3978,"column":5}},{"start":{"line":3976,"column":4},"end":{"line":3978,"column":5}}],"line":3976},"265":{"loc":{"start":{"line":3976,"column":8},"end":{"line":3976,"column":54}},"type":"binary-expr","locations":[{"start":{"line":3976,"column":8},"end":{"line":3976,"column":22}},{"start":{"line":3976,"column":26},"end":{"line":3976,"column":37}},{"start":{"line":3976,"column":41},"end":{"line":3976,"column":54}}],"line":3976},"266":{"loc":{"start":{"line":4022,"column":14},"end":{"line":4022,"column":27}},"type":"binary-expr","locations":[{"start":{"line":4022,"column":14},"end":{"line":4022,"column":21}},{"start":{"line":4022,"column":25},"end":{"line":4022,"column":27}}],"line":4022},"267":{"loc":{"start":{"line":4025,"column":4},"end":{"line":4025,"column":76}},"type":"if","locations":[{"start":{"line":4025,"column":4},"end":{"line":4025,"column":76}},{"start":{"line":4025,"column":4},"end":{"line":4025,"column":76}}],"line":4025},"268":{"loc":{"start":{"line":4025,"column":8},"end":{"line":4025,"column":55}},"type":"binary-expr","locations":[{"start":{"line":4025,"column":8},"end":{"line":4025,"column":23}},{"start":{"line":4025,"column":27},"end":{"line":4025,"column":39}},{"start":{"line":4025,"column":43},"end":{"line":4025,"column":55}}],"line":4025},"269":{"loc":{"start":{"line":4072,"column":14},"end":{"line":4072,"column":27}},"type":"binary-expr","locations":[{"start":{"line":4072,"column":14},"end":{"line":4072,"column":21}},{"start":{"line":4072,"column":25},"end":{"line":4072,"column":27}}],"line":4072},"270":{"loc":{"start":{"line":4074,"column":4},"end":{"line":4076,"column":5}},"type":"if","locations":[{"start":{"line":4074,"column":4},"end":{"line":4076,"column":5}},{"start":{"line":4074,"column":4},"end":{"line":4076,"column":5}}],"line":4074},"271":{"loc":{"start":{"line":4074,"column":8},"end":{"line":4074,"column":44}},"type":"binary-expr","locations":[{"start":{"line":4074,"column":8},"end":{"line":4074,"column":19}},{"start":{"line":4074,"column":23},"end":{"line":4074,"column":32}},{"start":{"line":4074,"column":36},"end":{"line":4074,"column":44}}],"line":4074},"272":{"loc":{"start":{"line":4113,"column":4},"end":{"line":4117,"column":5}},"type":"if","locations":[{"start":{"line":4113,"column":4},"end":{"line":4117,"column":5}},{"start":{"line":4113,"column":4},"end":{"line":4117,"column":5}}],"line":4113},"273":{"loc":{"start":{"line":4113,"column":8},"end":{"line":4113,"column":64}},"type":"binary-expr","locations":[{"start":{"line":4113,"column":8},"end":{"line":4113,"column":32}},{"start":{"line":4113,"column":36},"end":{"line":4113,"column":64}}],"line":4113},"274":{"loc":{"start":{"line":4114,"column":6},"end":{"line":4114,"column":57}},"type":"if","locations":[{"start":{"line":4114,"column":6},"end":{"line":4114,"column":57}},{"start":{"line":4114,"column":6},"end":{"line":4114,"column":57}}],"line":4114},"275":{"loc":{"start":{"line":4114,"column":10},"end":{"line":4114,"column":30}},"type":"binary-expr","locations":[{"start":{"line":4114,"column":10},"end":{"line":4114,"column":16}},{"start":{"line":4114,"column":20},"end":{"line":4114,"column":30}}],"line":4114},"276":{"loc":{"start":{"line":4116,"column":6},"end":{"line":4116,"column":43}},"type":"if","locations":[{"start":{"line":4116,"column":6},"end":{"line":4116,"column":43}},{"start":{"line":4116,"column":6},"end":{"line":4116,"column":43}}],"line":4116},"277":{"loc":{"start":{"line":4136,"column":4},"end":{"line":4136,"column":50}},"type":"if","locations":[{"start":{"line":4136,"column":4},"end":{"line":4136,"column":50}},{"start":{"line":4136,"column":4},"end":{"line":4136,"column":50}}],"line":4136},"278":{"loc":{"start":{"line":4148,"column":2},"end":{"line":4156,"column":3}},"type":"if","locations":[{"start":{"line":4148,"column":2},"end":{"line":4156,"column":3}},{"start":{"line":4148,"column":2},"end":{"line":4156,"column":3}}],"line":4148},"279":{"loc":{"start":{"line":4148,"column":7},"end":{"line":4148,"column":69}},"type":"binary-expr","locations":[{"start":{"line":4148,"column":7},"end":{"line":4148,"column":35}},{"start":{"line":4148,"column":39},"end":{"line":4148,"column":69}}],"line":4148},"280":{"loc":{"start":{"line":4152,"column":9},"end":{"line":4156,"column":3}},"type":"if","locations":[{"start":{"line":4152,"column":9},"end":{"line":4156,"column":3}},{"start":{"line":4152,"column":9},"end":{"line":4156,"column":3}}],"line":4152},"281":{"loc":{"start":{"line":4152,"column":13},"end":{"line":4152,"column":60}},"type":"binary-expr","locations":[{"start":{"line":4152,"column":13},"end":{"line":4152,"column":42}},{"start":{"line":4152,"column":46},"end":{"line":4152,"column":60}}],"line":4152},"282":{"loc":{"start":{"line":4155,"column":4},"end":{"line":4155,"column":47}},"type":"if","locations":[{"start":{"line":4155,"column":4},"end":{"line":4155,"column":47}},{"start":{"line":4155,"column":4},"end":{"line":4155,"column":47}}],"line":4155}},"s":{"0":1,"1":2,"2":1,"3":1,"4":1,"5":1,"6":1,"7":1,"8":1,"9":1,"10":1,"11":1,"12":1,"13":1,"14":269,"15":142,"16":194,"17":139,"18":3,"19":33379,"20":1,"21":1,"22":78,"23":0,"24":78,"25":0,"26":0,"27":0,"28":78,"29":76,"30":76,"31":76,"32":76,"33":76,"34":0,"35":76,"36":76,"37":76,"38":76,"39":76,"40":76,"41":76,"42":152,"43":76,"44":76,"45":76,"46":76,"47":76,"48":76,"49":0,"50":76,"51":76,"52":76,"53":0,"54":2,"55":2,"56":1,"57":191,"58":0,"59":191,"60":76,"61":191,"62":191,"63":191,"64":191,"65":1,"66":24,"67":1,"68":23,"69":5,"70":18,"71":12,"72":6,"73":12,"74":1,"75":13,"76":1,"77":12,"78":2,"79":10,"80":10,"81":10,"82":4,"83":2,"84":0,"85":8,"86":1,"87":6,"88":1,"89":5,"90":1,"91":4,"92":2,"93":1,"94":1,"95":1,"96":1,"97":1,"98":2,"99":1,"100":1,"101":3,"102":1,"103":2171,"104":2155,"105":16,"106":1,"107":1,"108":15,"109":11,"110":4,"111":2170,"112":2155,"113":2170,"114":34510,"115":34510,"116":1,"117":4,"118":1,"119":3,"120":3,"121":3,"122":3,"123":2,"124":1,"125":1,"126":4,"127":1,"128":3,"129":3,"130":3,"131":4,"132":2,"133":1,"134":1,"135":5,"136":1,"137":4,"138":4,"139":4,"140":3,"141":1,"142":1,"143":140,"144":132,"145":1,"146":5,"147":1,"148":4,"149":4,"150":7,"151":3,"152":1,"153":1,"154":1560,"155":1560,"156":384,"157":1176,"158":131,"159":1045,"160":1034,"161":1551,"162":11,"163":1540,"164":1,"165":1048,"166":4,"167":1048,"168":1048,"169":16,"170":1032,"171":1032,"172":1032,"173":1032,"174":373,"175":659,"176":56,"177":1032,"178":7,"179":1025,"180":1,"181":76,"182":76,"183":1,"184":76,"185":76,"186":0,"187":0,"188":0,"189":0,"190":0,"191":0,"192":0,"193":0,"194":0,"195":76,"196":76,"197":76,"198":76,"199":0,"200":0,"201":76,"202":76,"203":1,"204":76,"205":76,"206":0,"207":0,"208":0,"209":0,"210":0,"211":0,"212":0,"213":0,"214":0,"215":76,"216":152,"217":152,"218":152,"219":76,"220":0,"221":152,"222":152,"223":1,"224":0,"225":0,"226":0,"227":0,"228":0,"229":0,"230":0,"231":0,"232":0,"233":0,"234":1,"235":268,"236":268,"237":536,"238":76,"239":76,"240":76,"241":76,"242":0,"243":5,"244":0,"245":9,"246":0,"247":0,"248":76,"249":76,"250":1,"251":28,"252":28,"253":2,"254":28,"255":26,"256":28,"257":32,"258":2,"259":26,"260":1,"261":25,"262":3,"263":0,"264":3,"265":22,"266":17,"267":9,"268":9,"269":9,"270":144,"271":17,"272":0,"273":17,"274":156,"275":124,"276":156,"277":5,"278":20,"279":1,"280":1,"281":36,"282":36,"283":3,"284":33,"285":1,"286":33,"287":29,"288":33,"289":3,"290":3,"291":0,"292":0,"293":30,"294":30,"295":8,"296":8,"297":8,"298":128,"299":30,"300":0,"301":30,"302":87,"303":87,"304":3,"305":1,"306":16,"307":16,"308":7,"309":9,"310":6,"311":9,"312":9,"313":9,"314":2,"315":1,"316":1,"317":1,"318":1,"319":1,"320":7,"321":4,"322":2,"323":2,"324":2,"325":32,"326":4,"327":0,"328":4,"329":34,"330":34,"331":15,"332":19,"333":16,"334":3,"335":3,"336":3,"337":3,"338":3,"339":1,"340":2,"341":7,"342":1,"343":77,"344":616,"345":616,"346":77,"347":1078,"348":1078,"349":1,"350":0,"351":0,"352":0,"353":0,"354":0,"355":0,"356":0,"357":0,"358":1,"359":0,"360":0,"361":0,"362":0,"363":0,"364":0,"365":0,"366":0,"367":0,"368":0,"369":0,"370":0,"371":0,"372":0,"373":0,"374":0,"375":0,"376":0,"377":0,"378":0,"379":0,"380":0,"381":0,"382":0,"383":0,"384":0,"385":0,"386":0,"387":0,"388":0,"389":0,"390":0,"391":0,"392":0,"393":0,"394":0,"395":0,"396":0,"397":0,"398":0,"399":0,"400":1,"401":63,"402":63,"403":3,"404":60,"405":1829,"406":59,"407":1,"408":1,"409":1,"410":1,"411":1,"412":0,"413":0,"414":0,"415":1,"416":0,"417":0,"418":0,"419":0,"420":0,"421":0,"422":0,"423":0,"424":0,"425":0,"426":0,"427":0,"428":0,"429":0,"430":0,"431":0,"432":0,"433":0,"434":0,"435":0,"436":0,"437":0,"438":0,"439":0,"440":0,"441":0,"442":0,"443":0,"444":0,"445":152,"446":152,"447":152,"448":0,"449":6,"450":0,"451":12,"452":0,"453":0,"454":1,"455":33418,"456":16,"457":33402,"458":2,"459":33402,"460":0,"461":33402,"462":33402,"463":66782,"464":66782,"465":66782,"466":0,"467":33402,"468":33402,"469":1,"470":0,"471":0,"472":0,"473":0,"474":0,"475":0,"476":0,"477":0,"478":0,"479":0,"480":1,"481":0,"482":0,"483":0,"484":1,"485":0,"486":0,"487":0,"488":0,"489":0,"490":0,"491":1,"492":0,"493":0,"494":0,"495":0,"496":0,"497":0,"498":1,"499":0,"500":0,"501":0,"502":1,"503":1,"504":1,"505":1,"506":1,"507":0,"508":0,"509":0,"510":1,"511":1,"512":1,"513":1,"514":1,"515":0,"516":0,"517":0,"518":1,"519":1,"520":1,"521":1,"522":1,"523":0,"524":0,"525":0,"526":1,"527":1,"528":0,"529":1,"530":1,"531":1,"532":0,"533":0,"534":1,"535":0,"536":1,"537":1,"538":16,"539":1,"540":1,"541":10,"542":10,"543":10,"544":1,"545":1,"546":9,"547":0,"548":10,"549":10,"550":2,"551":32,"552":2,"553":0,"554":0,"555":0,"556":0,"557":0,"558":0,"559":0,"560":0,"561":0,"562":0,"563":0,"564":2,"565":1,"566":1,"567":1,"568":1,"569":0,"570":1,"571":1,"572":1,"573":1,"574":1,"575":1,"576":1,"577":1,"578":2089,"579":2089,"580":4,"581":4,"582":0,"583":2085,"584":2085,"585":0,"586":2089,"587":2089,"588":3,"589":2086,"590":33301,"591":2086,"592":1,"593":33,"594":33,"595":33,"596":0,"597":33,"598":33,"599":0,"600":33,"601":513,"602":513,"603":33,"604":1,"605":0,"606":0,"607":0,"608":0,"609":0,"610":0,"611":0,"612":0,"613":0,"614":0,"615":0,"616":1,"617":1,"618":1,"619":1,"620":1,"621":0,"622":1,"623":1,"624":1,"625":1,"626":0,"627":0,"628":1,"629":1,"630":33,"631":33,"632":513,"633":513,"634":33,"635":1,"636":1,"637":1,"638":1,"639":1,"640":0,"641":1,"642":1,"643":1,"644":1,"645":1,"646":1,"647":1,"648":0,"649":0,"650":0,"651":0,"652":0,"653":0,"654":0,"655":0,"656":0,"657":0,"658":1,"659":3,"660":3,"661":3,"662":3,"663":2,"664":1,"665":1,"666":16,"667":16,"668":16,"669":1,"670":1,"671":3,"672":3,"673":3,"674":2,"675":1,"676":1,"677":16,"678":16,"679":16,"680":1,"681":1,"682":0,"683":0,"684":0,"685":0,"686":0,"687":0,"688":0,"689":0,"690":0,"691":0,"692":0,"693":1,"694":0,"695":0,"696":0,"697":0,"698":0,"699":0,"700":0,"701":0,"702":0,"703":0,"704":0,"705":1,"706":0,"707":0,"708":0,"709":0,"710":0,"711":0,"712":0,"713":0,"714":0,"715":0,"716":0,"717":0,"718":0,"719":0,"720":1,"721":6,"722":6,"723":6,"724":6,"725":5,"726":1,"727":1,"728":1,"729":1,"730":0,"731":0,"732":0,"733":0,"734":0,"735":0,"736":0,"737":0,"738":1,"739":3,"740":3,"741":3,"742":3,"743":0,"744":0,"745":0,"746":0,"747":3,"748":3,"749":2,"750":1,"751":16,"752":1,"753":1,"754":0,"755":0,"756":0,"757":0,"758":0,"759":0,"760":0,"761":0,"762":1,"763":1,"764":1,"765":1,"766":1,"767":1,"768":1,"769":1,"770":16,"771":1,"772":1,"773":5,"774":5,"775":5,"776":4,"777":1,"778":1,"779":1,"780":1,"781":16,"782":1,"783":1,"784":33379,"785":33379,"786":0,"787":0,"788":33379,"789":0,"790":33379,"791":1,"792":12,"793":12,"794":10,"795":12,"796":12,"797":4,"798":1,"799":0,"800":0,"801":1,"802":1,"803":0,"804":0},"f":{"0":1,"1":2,"2":269,"3":142,"4":194,"5":139,"6":3,"7":33379,"8":78,"9":76,"10":0,"11":76,"12":0,"13":0,"14":2,"15":191,"16":24,"17":13,"18":6,"19":2171,"20":34510,"21":34510,"22":4,"23":4,"24":5,"25":140,"26":5,"27":1560,"28":1048,"29":76,"30":76,"31":76,"32":76,"33":152,"34":0,"35":0,"36":268,"37":76,"38":0,"39":5,"40":0,"41":9,"42":0,"43":0,"44":28,"45":32,"46":156,"47":36,"48":87,"49":16,"50":34,"51":77,"52":0,"53":0,"54":0,"55":0,"56":63,"57":1,"58":0,"59":0,"60":152,"61":0,"62":6,"63":0,"64":12,"65":0,"66":0,"67":33418,"68":66782,"69":0,"70":0,"71":0,"72":0,"73":0,"74":0,"75":1,"76":0,"77":1,"78":0,"79":1,"80":0,"81":1,"82":1,"83":16,"84":10,"85":2,"86":32,"87":0,"88":0,"89":1,"90":1,"91":1,"92":2089,"93":33301,"94":33,"95":513,"96":0,"97":0,"98":1,"99":1,"100":0,"101":33,"102":513,"103":1,"104":1,"105":0,"106":0,"107":3,"108":16,"109":3,"110":16,"111":0,"112":0,"113":0,"114":0,"115":0,"116":0,"117":6,"118":1,"119":0,"120":0,"121":3,"122":16,"123":0,"124":0,"125":1,"126":16,"127":5,"128":16,"129":33379,"130":12,"131":12,"132":0},"b":{"0":[1,1],"1":[3,2],"2":[0,78],"3":[0,78],"4":[0,0],"5":[152,152],"6":[228,228],"7":[76,0],"8":[76,0],"9":[2,0],"10":[0,191],"11":[76,115],"12":[1,23],"13":[5,18],"14":[12,6],"15":[1,12],"16":[2,10],"17":[10,0],"18":[2,2],"19":[1,5],"20":[1,4],"21":[5,3],"22":[2,2],"23":[1,1],"24":[1,0],"25":[1,1],"26":[2155,16],"27":[2171,2169],"28":[1,15],"29":[11,4],"30":[2155,15],"31":[34510,34498],"32":[1,3],"33":[2,1],"34":[1,3],"35":[2,2],"36":[1,4],"37":[3,1],"38":[132,8],"39":[140,138,134],"40":[1,4],"41":[3,4],"42":[384,1176],"43":[1560,1555,390,388],"44":[131,1045],"45":[1176,134],"46":[1034,11],"47":[1045,11],"48":[11,1540],"49":[4,1044],"50":[16,1032],"51":[373,659],"52":[56,603],"53":[7,1025],"54":[1032,1027],"55":[0,0],"56":[0,0],"57":[0,0],"58":[76,76],"59":[0,0],"60":[76,0],"61":[0,0],"62":[0,0],"63":[0,0],"64":[76,76],"65":[0,76],"66":[152,0],"67":[0,0],"68":[0,0],"69":[0,0],"70":[0,0],"71":[2,26],"72":[26,2],"73":[2,30],"74":[32,19],"75":[19,18],"76":[1,25],"77":[3,22],"78":[0,3],"79":[17,5],"80":[9,8],"81":[0,17],"82":[124,32],"83":[3,33],"84":[1,32],"85":[29,4],"86":[3,30],"87":[0,0],"88":[30,0],"89":[8,22],"90":[0,30],"91":[87,83],"92":[7,9],"93":[16,11],"94":[6,3],"95":[9,0],"96":[2,7],"97":[1,1],"98":[1,0],"99":[4,3],"100":[2,2],"101":[0,4],"102":[15,19],"103":[16,3],"104":[3,0],"105":[1,2],"106":[616,0],"107":[1078,0],"108":[0,0],"109":[0,0],"110":[0,0],"111":[0,0],"112":[0,0],"113":[0,0],"114":[0,0,0],"115":[0,0],"116":[0,0],"117":[0,0],"118":[0,0,0],"119":[0,0],"120":[0,0,0],"121":[0,0],"122":[0,0],"123":[0,0],"124":[0,0],"125":[0,0],"126":[3,60],"127":[63,61],"128":[59,1770],"129":[1829,1829],"130":[1,0],"131":[1,0],"132":[0,0],"133":[0,0],"134":[0,0],"135":[0,0],"136":[0,0],"137":[0,0],"138":[0,0],"139":[0,0],"140":[0,0],"141":[0,0],"142":[0,0],"143":[0,0],"144":[0,0],"145":[0,0],"146":[16,33402],"147":[33418,33403],"148":[2,33400],"149":[0,33402],"150":[66782,0],"151":[66782,66782],"152":[33402,33402],"153":[0,0],"154":[0,0],"155":[0,0],"156":[0,0],"157":[0,0],"158":[0,0],"159":[0,0],"160":[0,0],"161":[0,0],"162":[0,0],"163":[0,0],"164":[1,1],"165":[0,0],"166":[1,1],"167":[0,0],"168":[1,1],"169":[0,0],"170":[0,1],"171":[1,1],"172":[0,1],"173":[0,0],"174":[0,0,0],"175":[0,1],"176":[1,0,0],"177":[10,9],"178":[1,9],"179":[1,0],"180":[1,1,1],"181":[0,9],"182":[9,0,0],"183":[0,2],"184":[0,0],"185":[0,0],"186":[0,0],"187":[0,0,0],"188":[0,0],"189":[0,0,0],"190":[0,0],"191":[1,1],"192":[0,1],"193":[1,1],"194":[1,0],"195":[1,0,0],"196":[2089,4],"197":[4,2085],"198":[0,4],"199":[0,2085],"200":[2085,2085],"201":[2089,1058],"202":[3,2086],"203":[2089,2088],"204":[0,33],"205":[33,33],"206":[0,33],"207":[33,33],"208":[0,0],"209":[0,0],"210":[0,0],"211":[0,0],"212":[0,1],"213":[1,1],"214":[0,1],"215":[1,0],"216":[1,0],"217":[1,0],"218":[0,1],"219":[0,0],"220":[0,0],"221":[0,0],"222":[0,0],"223":[0,0],"224":[3,3],"225":[3,0],"226":[2,1],"227":[3,3],"228":[3,0],"229":[2,1],"230":[0,0],"231":[0,0],"232":[0,0],"233":[0,0],"234":[0,0],"235":[0,0],"236":[0,0],"237":[0,0],"238":[0,0],"239":[0,0],"240":[0,0],"241":[0,0],"242":[0,0],"243":[0,0],"244":[0,0],"245":[0,0],"246":[0,0],"247":[0,0],"248":[6,6],"249":[5,1],"250":[6,3],"251":[0,0],"252":[0,0],"253":[0,0],"254":[0,0],"255":[3,3],"256":[3,0],"257":[0,3],"258":[0,0],"259":[0,0],"260":[3,1],"261":[2,1],"262":[3,2],"263":[0,0],"264":[0,0],"265":[0,0,0],"266":[1,1],"267":[1,0],"268":[1,0,0],"269":[5,5],"270":[4,1],"271":[5,4,3],"272":[0,33379],"273":[33379,0],"274":[0,0],"275":[0,0],"276":[0,33379],"277":[10,2],"278":[0,1],"279":[1,0],"280":[1,0],"281":[1,1],"282":[0,0]},"_coverageSchema":"43e27e138ebf9cfc5966b082cf9a028302ed4184","hash":"9fa00d428010391de8e217d343e4d40cee8a9cbb","contentHash":"553d357d51fc9669e3d06bba146780a68892240a7e0842bc85061f573daf442b"}}